Log file open, 05/02/22 12:07:03
LogWindows: Failed to load 'aqProf.dll' (GetLastError=126)
LogWindows: File 'aqProf.dll' does not exist
LogWindows: Failed to load 'VtuneApi.dll' (GetLastError=126)
LogWindows: File 'VtuneApi.dll' does not exist
LogWindows: Failed to load 'VtuneApi32e.dll' (GetLastError=126)
LogWindows: File 'VtuneApi32e.dll' does not exist
LogConsoleResponse: Display: Failed to find resolution value strings in scalability ini. Falling back to default.
LogConsoleResponse: Display: Failed to find resolution value strings in scalability ini. Falling back to default.
LogInit: Display: Running engine for game: MementoSC
LogPlatformFile: Not using cached read wrapper
LogTaskGraph: Started task graph with 5 named threads and 47 total threads with 3 sets of task threads.
LogStats: Stats thread started at 0.184382
LogICUInternationalization: ICU TimeZone Detection - Raw Offset: +0:00, Platform Override: ''
LogInit: Display: Loading text-based GConfig....
LogPluginManager: Mounting plugin MeshPainting
LogPluginManager: Mounting plugin MegascansPlugin
LogPluginManager: Mounting plugin XGEController
LogPluginManager: Mounting plugin Paper2D
LogPluginManager: Mounting plugin LiveLink
LogPluginManager: Mounting plugin AISupport
LogPluginManager: Mounting plugin EnvironmentQueryEditor
LogPluginManager: Mounting plugin AnimationSharing
LogPluginManager: Mounting plugin CameraShakePreviewer
LogPluginManager: Mounting plugin LightPropagationVolume
LogPluginManager: Mounting plugin CLionSourceCodeAccess
LogPluginManager: Mounting plugin KDevelopSourceCodeAccess
LogPluginManager: Mounting plugin CodeLiteSourceCodeAccess
LogPluginManager: Mounting plugin PixWinPlugin
LogPluginManager: Mounting plugin NullSourceCodeAccess
LogPluginManager: Mounting plugin PerforceSourceControl
LogPluginManager: Mounting plugin GitSourceControl
LogPluginManager: Mounting plugin PluginUtils
LogPluginManager: Mounting plugin PropertyAccessNode
LogPluginManager: Mounting plugin SubversionSourceControl
LogPluginManager: Mounting plugin RiderSourceCodeAccess
LogPluginManager: Mounting plugin PlasticSourceControl
LogPluginManager: Mounting plugin TextureFormatOodle
LogPluginManager: Mounting plugin UObjectPlugin
LogPluginManager: Mounting plugin VisualStudioCodeSourceCodeAccess
LogPluginManager: Mounting plugin VisualStudioSourceCodeAccess
LogPluginManager: Mounting plugin AssetManagerEditor
LogPluginManager: Mounting plugin GameplayCameras
LogPluginManager: Mounting plugin CryptoKeys
LogPluginManager: Mounting plugin DataValidation
LogPluginManager: Mounting plugin CurveEditorTools
LogPluginManager: Mounting plugin EditorScriptingUtilities
LogPluginManager: Mounting plugin FacialAnimation
LogPluginManager: Mounting plugin GameplayTagsEditor
LogPluginManager: Mounting plugin MacGraphicsSwitching
LogPluginManager: Mounting plugin GeometryMode
LogPluginManager: Mounting plugin MaterialAnalyzer
LogPluginManager: Mounting plugin MobileLauncherProfileWizard
LogPluginManager: Mounting plugin PluginBrowser
LogPluginManager: Mounting plugin SpeedTreeImporter
LogPluginManager: Mounting plugin AlembicImporter
LogPluginManager: Mounting plugin XCodeSourceCodeAccess
LogPluginManager: Mounting plugin BackChannel
LogPluginManager: Mounting plugin ChaosCloth
LogPluginManager: Mounting plugin ChaosClothEditor
LogPluginManager: Mounting plugin ChaosEditor
LogPluginManager: Mounting plugin ChaosNiagara
LogPluginManager: Mounting plugin ChaosSolverPlugin
LogPluginManager: Mounting plugin CharacterAI
LogPluginManager: Mounting plugin AutomationUtils
LogPluginManager: Mounting plugin GeometryCache
LogPluginManager: Mounting plugin GeometryCollectionPlugin
LogPluginManager: Mounting plugin GeometryProcessing
LogPluginManager: Mounting plugin MotoSynth
LogPluginManager: Mounting plugin OpenImageDenoise
LogPluginManager: Mounting plugin PlatformCrypto
LogPluginManager: Mounting plugin PlanarCut
LogPluginManager: Mounting plugin ProxyLODPlugin
LogPluginManager: Mounting plugin PythonScriptPlugin
LogPluginManager: Mounting plugin SkeletalReduction
LogPluginManager: Mounting plugin LuminPlatformFeatures
LogPluginManager: Mounting plugin MagicLeap
LogPluginManager: Mounting plugin MagicLeapMedia
LogPluginManager: Mounting plugin MagicLeapPassableWorld
LogPluginManager: Mounting plugin MLSDK
LogPluginManager: Mounting plugin TcpMessaging
LogPluginManager: Mounting plugin Niagara
LogPluginManager: Mounting plugin UdpMessaging
LogPluginManager: Mounting plugin MagicLeapLightEstimation
LogPluginManager: Mounting plugin AndroidMedia
LogPluginManager: Mounting plugin AvfMedia
LogPluginManager: Mounting plugin ActorSequence
LogPluginManager: Mounting plugin LevelSequenceEditor
LogPluginManager: Mounting plugin ImgMedia
LogPluginManager: Mounting plugin MatineeToLevelSequence
LogPluginManager: Mounting plugin MediaCompositing
LogPluginManager: Mounting plugin TemplateSequence
LogPluginManager: Mounting plugin MediaPlayerEditor
LogPluginManager: Mounting plugin WebMMedia
LogPluginManager: Mounting plugin WmfMedia
LogPluginManager: Mounting plugin OnlineSubsystem
LogPluginManager: Mounting plugin OnlineSubsystemNull
LogPluginManager: Mounting plugin OnlineSubsystemUtils
LogPluginManager: Mounting plugin LauncherChunkInstaller
LogPluginManager: Mounting plugin ScreenshotTools
LogPluginManager: Mounting plugin ActorLayerUtilities
LogPluginManager: Mounting plugin AndroidDeviceProfileSelector
LogPluginManager: Mounting plugin AndroidMoviePlayer
LogPluginManager: Mounting plugin AndroidPermission
LogPluginManager: Mounting plugin AppleImageUtils
LogPluginManager: Mounting plugin ArchVisCharacter
LogPluginManager: Mounting plugin AudioCapture
LogPluginManager: Mounting plugin AssetTags
LogPluginManager: Mounting plugin AppleMoviePlayer
LogPluginManager: Mounting plugin AudioSynesthesia
LogPluginManager: Mounting plugin CableComponent
LogPluginManager: Mounting plugin CustomMeshComponent
LogPluginManager: Mounting plugin EditableMesh
LogPluginManager: Mounting plugin ExampleDeviceProfileSelector
LogPluginManager: Mounting plugin GooglePAD
LogPluginManager: Mounting plugin GoogleCloudMessaging
LogPluginManager: Mounting plugin ChunkDownloader
LogPluginManager: Mounting plugin Takes
LogPluginManager: Mounting plugin IOSDeviceProfileSelector
LogPluginManager: Mounting plugin MobilePatchingUtils
LogPluginManager: Mounting plugin LocationServicesBPLibrary
LogPluginManager: Mounting plugin OpenXR
LogPluginManager: Mounting plugin OpenXREyeTracker
LogPluginManager: Mounting plugin OpenXRHandTracking
LogPluginManager: Mounting plugin PhysXVehicles
LogPluginManager: Mounting plugin PostSplashScreen
LogPluginManager: Mounting plugin ProceduralMeshComponent
LogPluginManager: Mounting plugin PropertyAccessEditor
LogPluginManager: Mounting plugin SignificanceManager
LogPluginManager: Mounting plugin RuntimePhysXCooking
LogPluginManager: Mounting plugin SoundFields
LogPluginManager: Mounting plugin Synthesis
LogPluginManager: Mounting plugin LinuxDeviceProfileSelector
LogPluginManager: Mounting plugin WebMMoviePlayer
LogPluginManager: Mounting plugin OodleData
LogPluginManager: Mounting plugin OodleNetwork
LogPluginManager: Mounting plugin DatasmithContent
LogPluginManager: Mounting plugin WindowsMoviePlayer
LogPluginManager: Mounting plugin VariantManagerContent
LogPluginManager: Mounting plugin ContentBrowserFileDataSource
LogPluginManager: Mounting plugin ContentBrowserClassDataSource
LogPluginManager: Mounting plugin ContentBrowserAssetDataSource
LogPluginManager: Mounting plugin OnlineSubsystemIOS
LogPluginManager: Mounting plugin OnlineSubsystemGooglePlay
LogPluginManager: Mounting plugin DatabaseSupport
LogPluginManager: Mounting plugin SQLiteSupport
LogPluginManager: Mounting plugin SQLiteCore
LogPluginManager: Mounting plugin OculusVR
LogPluginManager: Mounting plugin SteamVR
PixWinPlugin: PIX capture plugin failed to initialize! Check that the process is launched from PIX.
LogInit: Using libcurl 7.55.1-DEV
LogInit:  - built for x86_64-pc-win32
LogInit:  - supports SSL with OpenSSL/1.1.1
LogInit:  - supports HTTP deflate (compression) using libz 1.2.8
LogInit:  - other features:
LogInit:      CURL_VERSION_SSL
LogInit:      CURL_VERSION_LIBZ
LogInit:      CURL_VERSION_IPV6
LogInit:      CURL_VERSION_ASYNCHDNS
LogInit:      CURL_VERSION_LARGEFILE
LogInit:      CURL_VERSION_IDN
LogInit:  CurlRequestOptions (configurable via config and command line):
LogInit:  - bVerifyPeer = true  - Libcurl will verify peer certificate
LogInit:  - bUseHttpProxy = false  - Libcurl will NOT use HTTP proxy
LogInit:  - bDontReuseConnections = false  - Libcurl will reuse connections
LogInit:  - MaxHostConnections = 16  - Libcurl will limit the number of connections to a host
LogInit:  - LocalHostAddr = Default
LogInit:  - BufferSize = 65536
LogOnline: OSS: Creating online subsystem instance for: NULL
LogInit: WinSock: version 1.1 (2.2), MaxSocks=32767, MaxUdp=65467
LogOnline: OSS: TryLoadSubsystemAndSetDefault: Loaded subsystem for module [NULL]
LogOculusPluginWrapper: OculusPlugin initialized successfully
LogHMD: Failed initializing OVRPlugin 1.59.0
LogInit: Build: ++UE4+Release-4.27-CL-18319896
LogInit: Engine Version: 4.27.2-18319896+++UE4+Release-4.27
LogInit: Compatible Engine Version: 4.27.0-17155196+++UE4+Release-4.27
LogInit: Net CL: 17155196
LogInit: OS: Windows 10 (Release 2009) (), CPU: AMD Ryzen 7 5700G with Radeon Graphics         , GPU: NVIDIA GeForce RTX 3050
LogInit: Compiled (64-bit): Nov 30 2021 07:12:08
LogInit: Compiled with Visual C++: 19.24.28315.00
LogInit: Build Configuration: Development
LogInit: Branch Name: ++UE4+Release-4.27
LogInit: Command Line: 
LogInit: Base Directory: C:/Program Files/Epic Games/UE_4.27/Engine/Binaries/Win64/
LogInit: Allocator: TBB
LogInit: Installed Engine Build: 1
LogDevObjectVersion: Number of dev versions registered: 29
LogDevObjectVersion:   Dev-Blueprints (B0D832E4-1F89-4F0D-ACCF-7EB736FD4AA2): 10
LogDevObjectVersion:   Dev-Build (E1C64328-A22C-4D53-A36C-8E866417BD8C): 0
LogDevObjectVersion:   Dev-Core (375EC13C-06E4-48FB-B500-84F0262A717E): 4
LogDevObjectVersion:   Dev-Editor (E4B068ED-F494-42E9-A231-DA0B2E46BB41): 40
LogDevObjectVersion:   Dev-Framework (CFFC743F-43B0-4480-9391-14DF171D2073): 37
LogDevObjectVersion:   Dev-Mobile (B02B49B5-BB20-44E9-A304-32B752E40360): 3
LogDevObjectVersion:   Dev-Networking (A4E4105C-59A1-49B5-A7C5-40C4547EDFEE): 0
LogDevObjectVersion:   Dev-Online (39C831C9-5AE6-47DC-9A44-9C173E1C8E7C): 0
LogDevObjectVersion:   Dev-Physics (78F01B33-EBEA-4F98-B9B4-84EACCB95AA2): 14
LogDevObjectVersion:   Dev-Platform (6631380F-2D4D-43E0-8009-CF276956A95A): 0
LogDevObjectVersion:   Dev-Rendering (12F88B9F-8875-4AFC-A67C-D90C383ABD29): 45
LogDevObjectVersion:   Dev-Sequencer (7B5AE74C-D270-4C10-A958-57980B212A5A): 13
LogDevObjectVersion:   Dev-VR (D7296918-1DD6-4BDD-9DE2-64A83CC13884): 3
LogDevObjectVersion:   Dev-LoadTimes (C2A15278-BFE7-4AFE-6C17-90FF531DF755): 1
LogDevObjectVersion:   Private-Geometry (6EACA3D4-40EC-4CC1-B786-8BED09428FC5): 3
LogDevObjectVersion:   Dev-AnimPhys (29E575DD-E0A3-4627-9D10-D276232CDCEA): 17
LogDevObjectVersion:   Dev-Anim (AF43A65D-7FD3-4947-9873-3E8ED9C1BB05): 15
LogDevObjectVersion:   Dev-ReflectionCapture (6B266CEC-1EC7-4B8F-A30B-E4D90942FC07): 1
LogDevObjectVersion:   Dev-Automation (0DF73D61-A23F-47EA-B727-89E90C41499A): 1
LogDevObjectVersion:   FortniteMain (601D1886-AC64-4F84-AA16-D3DE0DEAC7D6): 47
LogDevObjectVersion:   FortniteRelease (E7086368-6B23-4C58-8439-1B7016265E91): 1
LogDevObjectVersion:   Dev-Enterprise (9DFFBCD6-494F-0158-E221-12823C92A888): 10
LogDevObjectVersion:   Dev-Niagara (F2AED0AC-9AFE-416F-8664-AA7FFA26D6FC): 1
LogDevObjectVersion:   Dev-Destruction (174F1F0B-B4C6-45A5-B13F-2EE8D0FB917D): 10
LogDevObjectVersion:   Dev-Physics-Ext (35F94A83-E258-406C-A318-09F59610247C): 41
LogDevObjectVersion:   Dev-PhysicsMaterial-Chaos (B68FC16E-8B1B-42E2-B453-215C058844FE): 1
LogDevObjectVersion:   Dev-CineCamera (B2E18506-4273-CFC2-A54E-F4BB758BBA07): 1
LogDevObjectVersion:   Dev-VirtualProduction (64F58936-FD1B-42BA-BA96-7289D5D0FA4E): 1
LogDevObjectVersion:   Dev-MediaFramework (6F0ED827-A609-4895-9C91-998D90180EA4): 2
LogInit: Presizing for max 25165824 objects, including 0 objects not considered by GC, pre-allocating 0 bytes for permanent pool.
LogConfig: Applying CVar settings from Section [/Script/Engine.StreamingSettings] File [E:/Memento SourceCode/MementoSource/MementoSC/Saved/Config/Windows/Engine.ini]
LogConfig: Setting CVar [[s.MinBulkDataSizeForAsyncLoading:131072]]
LogConfig: Setting CVar [[s.AsyncLoadingThreadEnabled:0]]
LogConfig: Setting CVar [[s.EventDrivenLoaderEnabled:1]]
LogConfig: Setting CVar [[s.WarnIfTimeLimitExceeded:0]]
LogConfig: Setting CVar [[s.TimeLimitExceededMultiplier:1.5]]
LogConfig: Setting CVar [[s.TimeLimitExceededMinTime:0.005]]
LogConfig: Setting CVar [[s.UseBackgroundLevelStreaming:1]]
LogConfig: Setting CVar [[s.PriorityAsyncLoadingExtraTime:15.0]]
LogConfig: Setting CVar [[s.LevelStreamingActorsUpdateTimeLimit:5.0]]
LogConfig: Setting CVar [[s.PriorityLevelStreamingActorsUpdateExtraTime:5.0]]
LogConfig: Setting CVar [[s.LevelStreamingComponentsRegistrationGranularity:10]]
LogConfig: Setting CVar [[s.UnregisterComponentsTimeLimit:1.0]]
LogConfig: Setting CVar [[s.LevelStreamingComponentsUnregistrationGranularity:5]]
LogConfig: Setting CVar [[s.FlushStreamingOnExit:1]]
LogInit: Object subsystem initialized
LogConfig: Setting CVar [[con.DebugEarlyDefault:1]]
LogConfig: Setting CVar [[r.setres:1280x720]]
[2022.05.02-12.07.04:169][  0]LogConfig: Setting CVar [[r.VSync:0]]
[2022.05.02-12.07.04:169][  0]LogConfig: Setting CVar [[r.RHICmdBypass:0]]
[2022.05.02-12.07.04:169][  0]LogConfig: Applying CVar settings from Section [/Script/Engine.RendererSettings] File [E:/Memento SourceCode/MementoSource/MementoSC/Saved/Config/Windows/Engine.ini]
[2022.05.02-12.07.04:169][  0]LogConfig: Setting CVar [[r.GPUCrashDebugging:0]]
[2022.05.02-12.07.04:169][  0]LogConfig: Applying CVar settings from Section [/Script/Engine.RendererOverrideSettings] File [E:/Memento SourceCode/MementoSource/MementoSC/Saved/Config/Windows/Engine.ini]
[2022.05.02-12.07.04:169][  0]LogConfig: Applying CVar settings from Section [/Script/Engine.StreamingSettings] File [E:/Memento SourceCode/MementoSource/MementoSC/Saved/Config/Windows/Engine.ini]
[2022.05.02-12.07.04:169][  0]LogConfig: Setting CVar [[s.MinBulkDataSizeForAsyncLoading:131072]]
[2022.05.02-12.07.04:169][  0]LogConfig: Setting CVar [[s.AsyncLoadingThreadEnabled:0]]
[2022.05.02-12.07.04:169][  0]LogConfig: Setting CVar [[s.EventDrivenLoaderEnabled:1]]
[2022.05.02-12.07.04:169][  0]LogConfig: Setting CVar [[s.WarnIfTimeLimitExceeded:0]]
[2022.05.02-12.07.04:169][  0]LogConfig: Setting CVar [[s.TimeLimitExceededMultiplier:1.5]]
[2022.05.02-12.07.04:169][  0]LogConfig: Setting CVar [[s.TimeLimitExceededMinTime:0.005]]
[2022.05.02-12.07.04:169][  0]LogConfig: Setting CVar [[s.UseBackgroundLevelStreaming:1]]
[2022.05.02-12.07.04:169][  0]LogConfig: Setting CVar [[s.PriorityAsyncLoadingExtraTime:15.0]]
[2022.05.02-12.07.04:169][  0]LogConfig: Setting CVar [[s.LevelStreamingActorsUpdateTimeLimit:5.0]]
[2022.05.02-12.07.04:169][  0]LogConfig: Setting CVar [[s.PriorityLevelStreamingActorsUpdateExtraTime:5.0]]
[2022.05.02-12.07.04:169][  0]LogConfig: Setting CVar [[s.LevelStreamingComponentsRegistrationGranularity:10]]
[2022.05.02-12.07.04:169][  0]LogConfig: Setting CVar [[s.UnregisterComponentsTimeLimit:1.0]]
[2022.05.02-12.07.04:169][  0]LogConfig: Setting CVar [[s.LevelStreamingComponentsUnregistrationGranularity:5]]
[2022.05.02-12.07.04:169][  0]LogConfig: Setting CVar [[s.FlushStreamingOnExit:1]]
[2022.05.02-12.07.04:169][  0]LogConfig: Applying CVar settings from Section [/Script/Engine.GarbageCollectionSettings] File [E:/Memento SourceCode/MementoSource/MementoSC/Saved/Config/Windows/Engine.ini]
[2022.05.02-12.07.04:169][  0]LogConfig: Setting CVar [[gc.MaxObjectsNotConsideredByGC:1]]
[2022.05.02-12.07.04:170][  0]LogConfig: Setting CVar [[gc.SizeOfPermanentObjectPool:0]]
[2022.05.02-12.07.04:170][  0]LogConfig: Setting CVar [[gc.FlushStreamingOnGC:0]]
[2022.05.02-12.07.04:170][  0]LogConfig: Setting CVar [[gc.NumRetriesBeforeForcingGC:10]]
[2022.05.02-12.07.04:170][  0]LogConfig: Setting CVar [[gc.AllowParallelGC:1]]
[2022.05.02-12.07.04:170][  0]LogConfig: Setting CVar [[gc.TimeBetweenPurgingPendingKillObjects:61.1]]
[2022.05.02-12.07.04:170][  0]LogConfig: Setting CVar [[gc.MaxObjectsInEditor:25165824]]
[2022.05.02-12.07.04:170][  0]LogConfig: Setting CVar [[gc.IncrementalBeginDestroyEnabled:1]]
[2022.05.02-12.07.04:170][  0]LogConfig: Setting CVar [[gc.CreateGCClusters:1]]
[2022.05.02-12.07.04:170][  0]LogConfig: Setting CVar [[gc.MinGCClusterSize:5]]
[2022.05.02-12.07.04:170][  0]LogConfig: Setting CVar [[gc.ActorClusteringEnabled:0]]
[2022.05.02-12.07.04:170][  0]LogConfig: Setting CVar [[gc.BlueprintClusteringEnabled:0]]
[2022.05.02-12.07.04:170][  0]LogConfig: Setting CVar [[gc.UseDisregardForGCOnDedicatedServers:0]]
[2022.05.02-12.07.04:170][  0]LogConfig: Setting CVar [[gc.MultithreadedDestructionEnabled:1]]
[2022.05.02-12.07.04:170][  0]LogConfig: Applying CVar settings from Section [/Script/Engine.NetworkSettings] File [E:/Memento SourceCode/MementoSource/MementoSC/Saved/Config/Windows/Engine.ini]
[2022.05.02-12.07.04:170][  0]LogConfig: Applying CVar settings from Section [/Script/UnrealEd.CookerSettings] File [E:/Memento SourceCode/MementoSource/MementoSC/Saved/Config/Windows/Engine.ini]
[2022.05.02-12.07.04:180][  0]LogConfig: Applying CVar settings from Section [ViewDistanceQuality@3] File [E:/Memento SourceCode/MementoSource/MementoSC/Saved/Config/Windows/Scalability.ini]
[2022.05.02-12.07.04:180][  0]LogConfig: Setting CVar [[r.SkeletalMeshLODBias:0]]
[2022.05.02-12.07.04:180][  0]LogConfig: Setting CVar [[r.ViewDistanceScale:1.0]]
[2022.05.02-12.07.04:180][  0]LogConfig: Applying CVar settings from Section [AntiAliasingQuality@3] File [E:/Memento SourceCode/MementoSource/MementoSC/Saved/Config/Windows/Scalability.ini]
[2022.05.02-12.07.04:180][  0]LogConfig: Setting CVar [[r.PostProcessAAQuality:4]]
[2022.05.02-12.07.04:180][  0]LogConfig: Applying CVar settings from Section [ShadowQuality@3] File [E:/Memento SourceCode/MementoSource/MementoSC/Saved/Config/Windows/Scalability.ini]
[2022.05.02-12.07.04:180][  0]LogConfig: Setting CVar [[r.LightFunctionQuality:1]]
[2022.05.02-12.07.04:180][  0]LogConfig: Setting CVar [[r.ShadowQuality:5]]
[2022.05.02-12.07.04:180][  0]LogConfig: Setting CVar [[r.Shadow.CSM.MaxCascades:10]]
[2022.05.02-12.07.04:180][  0]LogConfig: Setting CVar [[r.Shadow.MaxResolution:2048]]
[2022.05.02-12.07.04:180][  0]LogConfig: Setting CVar [[r.Shadow.MaxCSMResolution:2048]]
[2022.05.02-12.07.04:180][  0]LogConfig: Setting CVar [[r.Shadow.RadiusThreshold:0.01]]
[2022.05.02-12.07.04:180][  0]LogConfig: Setting CVar [[r.Shadow.DistanceScale:1.0]]
[2022.05.02-12.07.04:180][  0]LogConfig: Setting CVar [[r.Shadow.CSM.TransitionScale:1.0]]
[2022.05.02-12.07.04:180][  0]LogConfig: Setting CVar [[r.Shadow.PreShadowResolutionFactor:1.0]]
[2022.05.02-12.07.04:180][  0]LogConfig: Setting CVar [[r.DistanceFieldShadowing:1]]
[2022.05.02-12.07.04:180][  0]LogConfig: Setting CVar [[r.DistanceFieldAO:1]]
[2022.05.02-12.07.04:181][  0]LogConfig: Setting CVar [[r.AOQuality:2]]
[2022.05.02-12.07.04:181][  0]LogConfig: Setting CVar [[r.VolumetricFog:1]]
[2022.05.02-12.07.04:181][  0]LogConfig: Setting CVar [[r.VolumetricFog.GridPixelSize:8]]
[2022.05.02-12.07.04:181][  0]LogConfig: Setting CVar [[r.VolumetricFog.GridSizeZ:128]]
[2022.05.02-12.07.04:181][  0]LogConfig: Setting CVar [[r.VolumetricFog.HistoryMissSupersampleCount:4]]
[2022.05.02-12.07.04:181][  0]LogConfig: Setting CVar [[r.LightMaxDrawDistanceScale:1]]
[2022.05.02-12.07.04:181][  0]LogConfig: Setting CVar [[r.CapsuleShadows:1]]
[2022.05.02-12.07.04:181][  0]LogConfig: Applying CVar settings from Section [PostProcessQuality@3] File [E:/Memento SourceCode/MementoSource/MementoSC/Saved/Config/Windows/Scalability.ini]
[2022.05.02-12.07.04:181][  0]LogConfig: Setting CVar [[r.MotionBlurQuality:4]]
[2022.05.02-12.07.04:181][  0]LogConfig: Setting CVar [[r.AmbientOcclusionMipLevelFactor:0.4]]
[2022.05.02-12.07.04:181][  0]LogConfig: Setting CVar [[r.AmbientOcclusionMaxQuality:100]]
[2022.05.02-12.07.04:181][  0]LogConfig: Setting CVar [[r.AmbientOcclusionLevels:-1]]
[2022.05.02-12.07.04:181][  0]LogConfig: Setting CVar [[r.AmbientOcclusionRadiusScale:1.0]]
[2022.05.02-12.07.04:181][  0]LogConfig: Setting CVar [[r.DepthOfFieldQuality:2]]
[2022.05.02-12.07.04:181][  0]LogConfig: Setting CVar [[r.RenderTargetPoolMin:400]]
[2022.05.02-12.07.04:181][  0]LogConfig: Setting CVar [[r.LensFlareQuality:2]]
[2022.05.02-12.07.04:181][  0]LogConfig: Setting CVar [[r.SceneColorFringeQuality:1]]
[2022.05.02-12.07.04:181][  0]LogConfig: Setting CVar [[r.EyeAdaptationQuality:2]]
[2022.05.02-12.07.04:181][  0]LogConfig: Setting CVar [[r.BloomQuality:5]]
[2022.05.02-12.07.04:181][  0]LogConfig: Setting CVar [[r.FastBlurThreshold:100]]
[2022.05.02-12.07.04:181][  0]LogConfig: Setting CVar [[r.Upscale.Quality:3]]
[2022.05.02-12.07.04:181][  0]LogConfig: Setting CVar [[r.Tonemapper.GrainQuantization:1]]
[2022.05.02-12.07.04:181][  0]LogConfig: Setting CVar [[r.LightShaftQuality:1]]
[2022.05.02-12.07.04:181][  0]LogConfig: Setting CVar [[r.Filter.SizeScale:1]]
[2022.05.02-12.07.04:181][  0]LogConfig: Setting CVar [[r.Tonemapper.Quality:5]]
[2022.05.02-12.07.04:181][  0]LogConfig: Setting CVar [[r.DOF.Gather.AccumulatorQuality:1        ; higher gathering accumulator quality]]
[2022.05.02-12.07.04:181][  0]LogConfig: Setting CVar [[r.DOF.Gather.PostfilterMethod:1          ; Median3x3 postfilering method]]
[2022.05.02-12.07.04:181][  0]LogConfig: Setting CVar [[r.DOF.Gather.EnableBokehSettings:0       ; no bokeh simulation when gathering]]
[2022.05.02-12.07.04:181][  0]LogConfig: Setting CVar [[r.DOF.Gather.RingCount:4                 ; medium number of samples when gathering]]
[2022.05.02-12.07.04:181][  0]LogConfig: Setting CVar [[r.DOF.Scatter.ForegroundCompositing:1    ; additive foreground scattering]]
[2022.05.02-12.07.04:181][  0]LogConfig: Setting CVar [[r.DOF.Scatter.BackgroundCompositing:2    ; additive background scattering]]
[2022.05.02-12.07.04:181][  0]LogConfig: Setting CVar [[r.DOF.Scatter.EnableBokehSettings:1      ; bokeh simulation when scattering]]
[2022.05.02-12.07.04:181][  0]LogConfig: Setting CVar [[r.DOF.Scatter.MaxSpriteRatio:0.1         ; only a maximum of 10% of scattered bokeh]]
[2022.05.02-12.07.04:181][  0]LogConfig: Setting CVar [[r.DOF.Recombine.Quality:1                ; cheap slight out of focus]]
[2022.05.02-12.07.04:181][  0]LogConfig: Setting CVar [[r.DOF.Recombine.EnableBokehSettings:0    ; no bokeh simulation on slight out of focus]]
[2022.05.02-12.07.04:181][  0]LogConfig: Setting CVar [[r.DOF.TemporalAAQuality:1                ; more stable temporal accumulation]]
[2022.05.02-12.07.04:181][  0]LogConfig: Setting CVar [[r.DOF.Kernel.MaxForegroundRadius:0.025]]
[2022.05.02-12.07.04:181][  0]LogConfig: Setting CVar [[r.DOF.Kernel.MaxBackgroundRadius:0.025]]
[2022.05.02-12.07.04:181][  0]LogConfig: Applying CVar settings from Section [TextureQuality@3] File [E:/Memento SourceCode/MementoSource/MementoSC/Saved/Config/Windows/Scalability.ini]
[2022.05.02-12.07.04:181][  0]LogConfig: Setting CVar [[r.Streaming.MipBias:0]]
[2022.05.02-12.07.04:181][  0]LogConfig: Setting CVar [[r.Streaming.AmortizeCPUToGPUCopy:0]]
[2022.05.02-12.07.04:181][  0]LogConfig: Setting CVar [[r.Streaming.MaxNumTexturesToStreamPerFrame:0]]
[2022.05.02-12.07.04:181][  0]LogConfig: Setting CVar [[r.Streaming.Boost:1]]
[2022.05.02-12.07.04:181][  0]LogConfig: Setting CVar [[r.MaxAnisotropy:8]]
[2022.05.02-12.07.04:181][  0]LogConfig: Setting CVar [[r.VT.MaxAnisotropy:8]]
[2022.05.02-12.07.04:181][  0]LogConfig: Setting CVar [[r.Streaming.LimitPoolSizeToVRAM:0]]
[2022.05.02-12.07.04:181][  0]LogConfig: Setting CVar [[r.Streaming.PoolSize:1000]]
[2022.05.02-12.07.04:181][  0]LogConfig: Setting CVar [[r.Streaming.MaxEffectiveScreenSize:0]]
[2022.05.02-12.07.04:181][  0]LogConfig: Applying CVar settings from Section [EffectsQuality@3] File [E:/Memento SourceCode/MementoSource/MementoSC/Saved/Config/Windows/Scalability.ini]
[2022.05.02-12.07.04:181][  0]LogConfig: Setting CVar [[r.TranslucencyLightingVolumeDim:64]]
[2022.05.02-12.07.04:181][  0]LogConfig: Setting CVar [[r.RefractionQuality:2]]
[2022.05.02-12.07.04:181][  0]LogConfig: Setting CVar [[r.SSR.Quality:3]]
[2022.05.02-12.07.04:181][  0]LogConfig: Setting CVar [[r.SSR.HalfResSceneColor:0]]
[2022.05.02-12.07.04:181][  0]LogConfig: Setting CVar [[r.SceneColorFormat:4]]
[2022.05.02-12.07.04:181][  0]LogConfig: Setting CVar [[r.DetailMode:2]]
[2022.05.02-12.07.04:181][  0]LogConfig: Setting CVar [[r.TranslucencyVolumeBlur:1]]
[2022.05.02-12.07.04:181][  0]LogConfig: Setting CVar [[r.MaterialQualityLevel:1 ; High quality]]
[2022.05.02-12.07.04:181][  0]LogConfig: Setting CVar [[r.AnisotropicMaterials:1]]
[2022.05.02-12.07.04:181][  0]LogConfig: Setting CVar [[r.SSS.Scale:1]]
[2022.05.02-12.07.04:181][  0]LogConfig: Setting CVar [[r.SSS.SampleSet:2]]
[2022.05.02-12.07.04:181][  0]LogConfig: Setting CVar [[r.SSS.Quality:1]]
[2022.05.02-12.07.04:181][  0]LogConfig: Setting CVar [[r.SSS.HalfRes:0]]
[2022.05.02-12.07.04:181][  0]LogConfig: Setting CVar [[r.SSGI.Quality:3]]
[2022.05.02-12.07.04:181][  0]LogConfig: Setting CVar [[r.EmitterSpawnRateScale:1.0]]
[2022.05.02-12.07.04:181][  0]LogConfig: Setting CVar [[r.ParticleLightQuality:2]]
[2022.05.02-12.07.04:181][  0]LogConfig: Setting CVar [[r.SkyAtmosphere.AerialPerspectiveLUT.FastApplyOnOpaque:1 ; Always have FastSkyLUT 1 in this case to avoid wrong sky]]
[2022.05.02-12.07.04:181][  0]LogConfig: Setting CVar [[r.SkyAtmosphere.AerialPerspectiveLUT.SampleCountMaxPerSlice:4]]
[2022.05.02-12.07.04:181][  0]LogConfig: Setting CVar [[r.SkyAtmosphere.AerialPerspectiveLUT.DepthResolution:16.0]]
[2022.05.02-12.07.04:181][  0]LogConfig: Setting CVar [[r.SkyAtmosphere.FastSkyLUT:1]]
[2022.05.02-12.07.04:181][  0]LogConfig: Setting CVar [[r.SkyAtmosphere.FastSkyLUT.SampleCountMin:4.0]]
[2022.05.02-12.07.04:181][  0]LogConfig: Setting CVar [[r.SkyAtmosphere.FastSkyLUT.SampleCountMax:128.0]]
[2022.05.02-12.07.04:181][  0]LogConfig: Setting CVar [[r.SkyAtmosphere.SampleCountMin:4.0]]
[2022.05.02-12.07.04:181][  0]LogConfig: Setting CVar [[r.SkyAtmosphere.SampleCountMax:128.0]]
[2022.05.02-12.07.04:181][  0]LogConfig: Setting CVar [[r.SkyAtmosphere.TransmittanceLUT.UseSmallFormat:0]]
[2022.05.02-12.07.04:181][  0]LogConfig: Setting CVar [[r.SkyAtmosphere.TransmittanceLUT.SampleCount:10.0]]
[2022.05.02-12.07.04:181][  0]LogConfig: Setting CVar [[r.SkyAtmosphere.MultiScatteringLUT.SampleCount:15.0]]
[2022.05.02-12.07.04:181][  0]LogConfig: Setting CVar [[r.SkyLight.RealTimeReflectionCapture:1]]
[2022.05.02-12.07.04:181][  0]LogConfig: Applying CVar settings from Section [FoliageQuality@3] File [E:/Memento SourceCode/MementoSource/MementoSC/Saved/Config/Windows/Scalability.ini]
[2022.05.02-12.07.04:181][  0]LogConfig: Setting CVar [[foliage.DensityScale:1.0]]
[2022.05.02-12.07.04:181][  0]LogConfig: Setting CVar [[grass.DensityScale:1.0]]
[2022.05.02-12.07.04:181][  0]LogConfig: Applying CVar settings from Section [ShadingQuality@3] File [E:/Memento SourceCode/MementoSource/MementoSC/Saved/Config/Windows/Scalability.ini]
[2022.05.02-12.07.04:181][  0]LogConfig: Setting CVar [[r.HairStrands.SkyLighting.IntegrationType:2]]
[2022.05.02-12.07.04:181][  0]LogConfig: Setting CVar [[r.HairStrands.SkyAO.SampleCount:4]]
[2022.05.02-12.07.04:181][  0]LogConfig: Setting CVar [[r.HairStrands.Visibility.MSAA.SamplePerPixel:4]]
[2022.05.02-12.07.04:181][  0]LogInit: Selected Device Profile: [Windows]
[2022.05.02-12.07.04:181][  0]LogInit: Applying CVar settings loaded from the selected device profile: [Windows]
[2022.05.02-12.07.04:181][  0]LogHAL: Display: Platform has ~ 16 GB [16966103040 / 17179869184 / 16], which maps to Larger [LargestMinGB=32, LargerMinGB=12, DefaultMinGB=8, SmallerMinGB=6, SmallestMinGB=0)
[2022.05.02-12.07.04:181][  0]LogInit: Going up to parent DeviceProfile []
[2022.05.02-12.07.04:181][  0]LogConfig: Applying CVar settings from Section [ViewDistanceQuality@3] File [E:/Memento SourceCode/MementoSource/MementoSC/Saved/Config/Windows/Scalability.ini]
[2022.05.02-12.07.04:181][  0]LogConfig: Setting CVar [[r.SkeletalMeshLODBias:0]]
[2022.05.02-12.07.04:181][  0]LogConfig: Setting CVar [[r.ViewDistanceScale:1.0]]
[2022.05.02-12.07.04:181][  0]LogConfig: Applying CVar settings from Section [AntiAliasingQuality@3] File [E:/Memento SourceCode/MementoSource/MementoSC/Saved/Config/Windows/Scalability.ini]
[2022.05.02-12.07.04:181][  0]LogConfig: Setting CVar [[r.PostProcessAAQuality:4]]
[2022.05.02-12.07.04:181][  0]LogConfig: Applying CVar settings from Section [ShadowQuality@3] File [E:/Memento SourceCode/MementoSource/MementoSC/Saved/Config/Windows/Scalability.ini]
[2022.05.02-12.07.04:181][  0]LogConfig: Setting CVar [[r.LightFunctionQuality:1]]
[2022.05.02-12.07.04:181][  0]LogConfig: Setting CVar [[r.ShadowQuality:5]]
[2022.05.02-12.07.04:181][  0]LogConfig: Setting CVar [[r.Shadow.CSM.MaxCascades:10]]
[2022.05.02-12.07.04:181][  0]LogConfig: Setting CVar [[r.Shadow.MaxResolution:2048]]
[2022.05.02-12.07.04:181][  0]LogConfig: Setting CVar [[r.Shadow.MaxCSMResolution:2048]]
[2022.05.02-12.07.04:181][  0]LogConfig: Setting CVar [[r.Shadow.RadiusThreshold:0.01]]
[2022.05.02-12.07.04:181][  0]LogConfig: Setting CVar [[r.Shadow.DistanceScale:1.0]]
[2022.05.02-12.07.04:181][  0]LogConfig: Setting CVar [[r.Shadow.CSM.TransitionScale:1.0]]
[2022.05.02-12.07.04:181][  0]LogConfig: Setting CVar [[r.Shadow.PreShadowResolutionFactor:1.0]]
[2022.05.02-12.07.04:181][  0]LogConfig: Setting CVar [[r.DistanceFieldShadowing:1]]
[2022.05.02-12.07.04:181][  0]LogConfig: Setting CVar [[r.DistanceFieldAO:1]]
[2022.05.02-12.07.04:181][  0]LogConfig: Setting CVar [[r.AOQuality:2]]
[2022.05.02-12.07.04:181][  0]LogConfig: Setting CVar [[r.VolumetricFog:1]]
[2022.05.02-12.07.04:181][  0]LogConfig: Setting CVar [[r.VolumetricFog.GridPixelSize:8]]
[2022.05.02-12.07.04:181][  0]LogConfig: Setting CVar [[r.VolumetricFog.GridSizeZ:128]]
[2022.05.02-12.07.04:181][  0]LogConfig: Setting CVar [[r.VolumetricFog.HistoryMissSupersampleCount:4]]
[2022.05.02-12.07.04:181][  0]LogConfig: Setting CVar [[r.LightMaxDrawDistanceScale:1]]
[2022.05.02-12.07.04:181][  0]LogConfig: Setting CVar [[r.CapsuleShadows:1]]
[2022.05.02-12.07.04:181][  0]LogConfig: Applying CVar settings from Section [PostProcessQuality@3] File [E:/Memento SourceCode/MementoSource/MementoSC/Saved/Config/Windows/Scalability.ini]
[2022.05.02-12.07.04:181][  0]LogConfig: Setting CVar [[r.MotionBlurQuality:4]]
[2022.05.02-12.07.04:181][  0]LogConfig: Setting CVar [[r.AmbientOcclusionMipLevelFactor:0.4]]
[2022.05.02-12.07.04:181][  0]LogConfig: Setting CVar [[r.AmbientOcclusionMaxQuality:100]]
[2022.05.02-12.07.04:181][  0]LogConfig: Setting CVar [[r.AmbientOcclusionLevels:-1]]
[2022.05.02-12.07.04:181][  0]LogConfig: Setting CVar [[r.AmbientOcclusionRadiusScale:1.0]]
[2022.05.02-12.07.04:181][  0]LogConfig: Setting CVar [[r.DepthOfFieldQuality:2]]
[2022.05.02-12.07.04:181][  0]LogConfig: Setting CVar [[r.RenderTargetPoolMin:400]]
[2022.05.02-12.07.04:181][  0]LogConfig: Setting CVar [[r.LensFlareQuality:2]]
[2022.05.02-12.07.04:182][  0]LogConfig: Setting CVar [[r.SceneColorFringeQuality:1]]
[2022.05.02-12.07.04:182][  0]LogConfig: Setting CVar [[r.EyeAdaptationQuality:2]]
[2022.05.02-12.07.04:182][  0]LogConfig: Setting CVar [[r.BloomQuality:5]]
[2022.05.02-12.07.04:182][  0]LogConfig: Setting CVar [[r.FastBlurThreshold:100]]
[2022.05.02-12.07.04:182][  0]LogConfig: Setting CVar [[r.Upscale.Quality:3]]
[2022.05.02-12.07.04:182][  0]LogConfig: Setting CVar [[r.Tonemapper.GrainQuantization:1]]
[2022.05.02-12.07.04:182][  0]LogConfig: Setting CVar [[r.LightShaftQuality:1]]
[2022.05.02-12.07.04:182][  0]LogConfig: Setting CVar [[r.Filter.SizeScale:1]]
[2022.05.02-12.07.04:182][  0]LogConfig: Setting CVar [[r.Tonemapper.Quality:5]]
[2022.05.02-12.07.04:182][  0]LogConfig: Setting CVar [[r.DOF.Gather.AccumulatorQuality:1        ; higher gathering accumulator quality]]
[2022.05.02-12.07.04:182][  0]LogConfig: Setting CVar [[r.DOF.Gather.PostfilterMethod:1          ; Median3x3 postfilering method]]
[2022.05.02-12.07.04:182][  0]LogConfig: Setting CVar [[r.DOF.Gather.EnableBokehSettings:0       ; no bokeh simulation when gathering]]
[2022.05.02-12.07.04:182][  0]LogConfig: Setting CVar [[r.DOF.Gather.RingCount:4                 ; medium number of samples when gathering]]
[2022.05.02-12.07.04:182][  0]LogConfig: Setting CVar [[r.DOF.Scatter.ForegroundCompositing:1    ; additive foreground scattering]]
[2022.05.02-12.07.04:182][  0]LogConfig: Setting CVar [[r.DOF.Scatter.BackgroundCompositing:2    ; additive background scattering]]
[2022.05.02-12.07.04:182][  0]LogConfig: Setting CVar [[r.DOF.Scatter.EnableBokehSettings:1      ; bokeh simulation when scattering]]
[2022.05.02-12.07.04:182][  0]LogConfig: Setting CVar [[r.DOF.Scatter.MaxSpriteRatio:0.1         ; only a maximum of 10% of scattered bokeh]]
[2022.05.02-12.07.04:182][  0]LogConfig: Setting CVar [[r.DOF.Recombine.Quality:1                ; cheap slight out of focus]]
[2022.05.02-12.07.04:182][  0]LogConfig: Setting CVar [[r.DOF.Recombine.EnableBokehSettings:0    ; no bokeh simulation on slight out of focus]]
[2022.05.02-12.07.04:182][  0]LogConfig: Setting CVar [[r.DOF.TemporalAAQuality:1                ; more stable temporal accumulation]]
[2022.05.02-12.07.04:182][  0]LogConfig: Setting CVar [[r.DOF.Kernel.MaxForegroundRadius:0.025]]
[2022.05.02-12.07.04:182][  0]LogConfig: Setting CVar [[r.DOF.Kernel.MaxBackgroundRadius:0.025]]
[2022.05.02-12.07.04:182][  0]LogConfig: Applying CVar settings from Section [TextureQuality@3] File [E:/Memento SourceCode/MementoSource/MementoSC/Saved/Config/Windows/Scalability.ini]
[2022.05.02-12.07.04:182][  0]LogConfig: Setting CVar [[r.Streaming.MipBias:0]]
[2022.05.02-12.07.04:182][  0]LogConfig: Setting CVar [[r.Streaming.AmortizeCPUToGPUCopy:0]]
[2022.05.02-12.07.04:182][  0]LogConfig: Setting CVar [[r.Streaming.MaxNumTexturesToStreamPerFrame:0]]
[2022.05.02-12.07.04:182][  0]LogConfig: Setting CVar [[r.Streaming.Boost:1]]
[2022.05.02-12.07.04:182][  0]LogConfig: Setting CVar [[r.MaxAnisotropy:8]]
[2022.05.02-12.07.04:182][  0]LogConfig: Setting CVar [[r.VT.MaxAnisotropy:8]]
[2022.05.02-12.07.04:182][  0]LogConfig: Setting CVar [[r.Streaming.LimitPoolSizeToVRAM:0]]
[2022.05.02-12.07.04:182][  0]LogConfig: Setting CVar [[r.Streaming.PoolSize:1000]]
[2022.05.02-12.07.04:182][  0]LogConfig: Setting CVar [[r.Streaming.MaxEffectiveScreenSize:0]]
[2022.05.02-12.07.04:182][  0]LogConfig: Applying CVar settings from Section [EffectsQuality@3] File [E:/Memento SourceCode/MementoSource/MementoSC/Saved/Config/Windows/Scalability.ini]
[2022.05.02-12.07.04:182][  0]LogConfig: Setting CVar [[r.TranslucencyLightingVolumeDim:64]]
[2022.05.02-12.07.04:182][  0]LogConfig: Setting CVar [[r.RefractionQuality:2]]
[2022.05.02-12.07.04:182][  0]LogConfig: Setting CVar [[r.SSR.Quality:3]]
[2022.05.02-12.07.04:182][  0]LogConfig: Setting CVar [[r.SSR.HalfResSceneColor:0]]
[2022.05.02-12.07.04:182][  0]LogConfig: Setting CVar [[r.SceneColorFormat:4]]
[2022.05.02-12.07.04:182][  0]LogConfig: Setting CVar [[r.DetailMode:2]]
[2022.05.02-12.07.04:182][  0]LogConfig: Setting CVar [[r.TranslucencyVolumeBlur:1]]
[2022.05.02-12.07.04:182][  0]LogConfig: Setting CVar [[r.MaterialQualityLevel:1 ; High quality]]
[2022.05.02-12.07.04:182][  0]LogConfig: Setting CVar [[r.AnisotropicMaterials:1]]
[2022.05.02-12.07.04:182][  0]LogConfig: Setting CVar [[r.SSS.Scale:1]]
[2022.05.02-12.07.04:182][  0]LogConfig: Setting CVar [[r.SSS.SampleSet:2]]
[2022.05.02-12.07.04:182][  0]LogConfig: Setting CVar [[r.SSS.Quality:1]]
[2022.05.02-12.07.04:182][  0]LogConfig: Setting CVar [[r.SSS.HalfRes:0]]
[2022.05.02-12.07.04:182][  0]LogConfig: Setting CVar [[r.SSGI.Quality:3]]
[2022.05.02-12.07.04:182][  0]LogConfig: Setting CVar [[r.EmitterSpawnRateScale:1.0]]
[2022.05.02-12.07.04:182][  0]LogConfig: Setting CVar [[r.ParticleLightQuality:2]]
[2022.05.02-12.07.04:182][  0]LogConfig: Setting CVar [[r.SkyAtmosphere.AerialPerspectiveLUT.FastApplyOnOpaque:1 ; Always have FastSkyLUT 1 in this case to avoid wrong sky]]
[2022.05.02-12.07.04:182][  0]LogConfig: Setting CVar [[r.SkyAtmosphere.AerialPerspectiveLUT.SampleCountMaxPerSlice:4]]
[2022.05.02-12.07.04:182][  0]LogConfig: Setting CVar [[r.SkyAtmosphere.AerialPerspectiveLUT.DepthResolution:16.0]]
[2022.05.02-12.07.04:182][  0]LogConfig: Setting CVar [[r.SkyAtmosphere.FastSkyLUT:1]]
[2022.05.02-12.07.04:182][  0]LogConfig: Setting CVar [[r.SkyAtmosphere.FastSkyLUT.SampleCountMin:4.0]]
[2022.05.02-12.07.04:182][  0]LogConfig: Setting CVar [[r.SkyAtmosphere.FastSkyLUT.SampleCountMax:128.0]]
[2022.05.02-12.07.04:182][  0]LogConfig: Setting CVar [[r.SkyAtmosphere.SampleCountMin:4.0]]
[2022.05.02-12.07.04:182][  0]LogConfig: Setting CVar [[r.SkyAtmosphere.SampleCountMax:128.0]]
[2022.05.02-12.07.04:182][  0]LogConfig: Setting CVar [[r.SkyAtmosphere.TransmittanceLUT.UseSmallFormat:0]]
[2022.05.02-12.07.04:182][  0]LogConfig: Setting CVar [[r.SkyAtmosphere.TransmittanceLUT.SampleCount:10.0]]
[2022.05.02-12.07.04:182][  0]LogConfig: Setting CVar [[r.SkyAtmosphere.MultiScatteringLUT.SampleCount:15.0]]
[2022.05.02-12.07.04:182][  0]LogConfig: Setting CVar [[r.SkyLight.RealTimeReflectionCapture:1]]
[2022.05.02-12.07.04:182][  0]LogConfig: Applying CVar settings from Section [FoliageQuality@3] File [E:/Memento SourceCode/MementoSource/MementoSC/Saved/Config/Windows/Scalability.ini]
[2022.05.02-12.07.04:182][  0]LogConfig: Setting CVar [[foliage.DensityScale:1.0]]
[2022.05.02-12.07.04:182][  0]LogConfig: Setting CVar [[grass.DensityScale:1.0]]
[2022.05.02-12.07.04:182][  0]LogConfig: Applying CVar settings from Section [ShadingQuality@3] File [E:/Memento SourceCode/MementoSource/MementoSC/Saved/Config/Windows/Scalability.ini]
[2022.05.02-12.07.04:182][  0]LogConfig: Setting CVar [[r.HairStrands.SkyLighting.IntegrationType:2]]
[2022.05.02-12.07.04:182][  0]LogConfig: Setting CVar [[r.HairStrands.SkyAO.SampleCount:4]]
[2022.05.02-12.07.04:182][  0]LogConfig: Setting CVar [[r.HairStrands.Visibility.MSAA.SamplePerPixel:4]]
[2022.05.02-12.07.04:182][  0]LogConfig: Applying CVar settings from Section [Startup] File [../../../Engine/Config/ConsoleVariables.ini]
[2022.05.02-12.07.04:183][  0]LogConfig: Setting CVar [[net.UseAdaptiveNetUpdateFrequency:0]]
[2022.05.02-12.07.04:183][  0]LogConfig: Setting CVar [[p.chaos.AllowCreatePhysxBodies:1]]
[2022.05.02-12.07.04:183][  0]LogConfig: Setting CVar [[fx.SkipVectorVMBackendOptimizations:1]]
[2022.05.02-12.07.04:183][  0]LogConfig: Applying CVar settings from Section [ConsoleVariables] File [E:/Memento SourceCode/MementoSource/MementoSC/Saved/Config/Windows/Engine.ini]
[2022.05.02-12.07.04:183][  0]LogConfig: Applying CVar settings from Section [ConsoleVariables] File [E:/Memento SourceCode/MementoSource/MementoSC/Saved/Config/Windows/Editor.ini]
[2022.05.02-12.07.04:183][  0]LogInit: Computer: PC
[2022.05.02-12.07.04:183][  0]LogInit: User: user
[2022.05.02-12.07.04:183][  0]LogInit: CPU Page size=4096, Cores=8
[2022.05.02-12.07.04:183][  0]LogInit: High frequency timer resolution =10.000000 MHz
[2022.05.02-12.07.04:183][  0]LogMemory: Memory total: Physical=15.8GB (16GB approx)
[2022.05.02-12.07.04:183][  0]LogMemory: Platform Memory Stats for Windows
[2022.05.02-12.07.04:183][  0]LogMemory: Process Physical Memory: 147.33 MB used, 147.33 MB peak
[2022.05.02-12.07.04:183][  0]LogMemory: Process Virtual Memory: 131.43 MB used, 131.43 MB peak
[2022.05.02-12.07.04:183][  0]LogMemory: Physical Memory: 8357.90 MB used,  7822.24 MB free, 16180.14 MB total
[2022.05.02-12.07.04:183][  0]LogMemory: Virtual Memory: 134198976.00 MB used,  18755.08 MB free, 134217728.00 MB total
[2022.05.02-12.07.04:188][  0]LogWindows: WindowsPlatformFeatures enabled
[2022.05.02-12.07.04:225][  0]LogInit: Physics initialised using underlying interface: PhysX
[2022.05.02-12.07.04:226][  0]LogInit: Using OS detected language (en-US).
[2022.05.02-12.07.04:226][  0]LogInit: Using OS detected locale (en-GB).
[2022.05.02-12.07.04:228][  0]LogTextLocalizationManager: No specific localization for 'en-US' exists, so the 'en' localization will be used.
[2022.05.02-12.07.04:374][  0]LogInit: Setting process to per monitor DPI aware
[2022.05.02-12.07.04:383][  0]LogWindowsTextInputMethodSystem: Display: IME system deactivated.
[2022.05.02-12.07.04:396][  0]LogSlate: New Slate User Created.  User Index 0, Is Virtual User: 0
[2022.05.02-12.07.04:396][  0]LogSlate: Slate User Registered.  User Index 0, Is Virtual User: 0
[2022.05.02-12.07.04:734][  0]LogD3D11RHI: Loaded GFSDK_Aftermath_Lib.x64.dll
[2022.05.02-12.07.04:736][  0]LogHMD: Failed to initialize OpenVR with code 110
[2022.05.02-12.07.04:736][  0]LogD3D11RHI: D3D11 min allowed feature level: 11_0
[2022.05.02-12.07.04:736][  0]LogD3D11RHI: D3D11 max allowed feature level: 11_0
[2022.05.02-12.07.04:736][  0]LogD3D11RHI: D3D11 adapters:
[2022.05.02-12.07.04:823][  0]LogD3D11RHI:    0. 'NVIDIA GeForce RTX 3050' (Feature Level 11_0)
[2022.05.02-12.07.04:824][  0]LogD3D11RHI:       8070/0/8090 MB DedicatedVideo/DedicatedSystem/SharedSystem, Outputs:1, VendorId:0x10de
[2022.05.02-12.07.04:825][  0]LogD3D11RHI:    1. 'Microsoft Basic Render Driver' (Feature Level 11_0)
[2022.05.02-12.07.04:825][  0]LogD3D11RHI:       0/0/8090 MB DedicatedVideo/DedicatedSystem/SharedSystem, Outputs:0, VendorId:0x1414
[2022.05.02-12.07.04:825][  0]LogD3D11RHI: Chosen D3D11 Adapter:
[2022.05.02-12.07.04:825][  0]LogD3D11RHI:     Description : NVIDIA GeForce RTX 3050
[2022.05.02-12.07.04:825][  0]LogD3D11RHI:     VendorId    : 10de
[2022.05.02-12.07.04:825][  0]LogD3D11RHI:     DeviceId    : 2507
[2022.05.02-12.07.04:825][  0]LogD3D11RHI:     SubSysId    : 250710de
[2022.05.02-12.07.04:825][  0]LogD3D11RHI:     Revision    : 00a1
[2022.05.02-12.07.04:825][  0]LogD3D11RHI:     DedicatedVideoMemory : 8462008320 bytes
[2022.05.02-12.07.04:825][  0]LogD3D11RHI:     DedicatedSystemMemory : 0 bytes
[2022.05.02-12.07.04:825][  0]LogD3D11RHI:     SharedSystemMemory : 8483051520 bytes
[2022.05.02-12.07.04:825][  0]LogD3D11RHI:     AdapterLuid : 0 47607
[2022.05.02-12.07.04:832][  0]LogD3D11RHI: Creating new Direct3DDevice
[2022.05.02-12.07.04:832][  0]LogD3D11RHI:     GPU DeviceId: 0x2507 (for the marketing name, search the web for "GPU Device Id")
[2022.05.02-12.07.04:832][  0]LogWindows: EnumDisplayDevices:
[2022.05.02-12.07.04:832][  0]LogWindows:    0. 'NVIDIA GeForce RTX 3050' (P:1 D:1)
[2022.05.02-12.07.04:833][  0]LogWindows:    1. 'NVIDIA GeForce RTX 3050' (P:0 D:0)
[2022.05.02-12.07.04:833][  0]LogWindows:    2. 'NVIDIA GeForce RTX 3050' (P:0 D:0)
[2022.05.02-12.07.04:833][  0]LogWindows:    3. 'NVIDIA GeForce RTX 3050' (P:0 D:0)
[2022.05.02-12.07.04:833][  0]LogWindows: DebugString: FoundDriverCount:4 
[2022.05.02-12.07.04:833][  0]LogD3D11RHI:     Adapter Name: NVIDIA GeForce RTX 3050
[2022.05.02-12.07.04:833][  0]LogD3D11RHI:   Driver Version: 511.79 (internal:30.0.15.1179, unified:511.79)
[2022.05.02-12.07.04:833][  0]LogD3D11RHI:      Driver Date: 2-10-2022
[2022.05.02-12.07.04:833][  0]LogRHI: Texture pool is 5649 MB (70% of 8070 MB)
[2022.05.02-12.07.04:833][  0]LogD3D11RHI: Creating D3DDevice using adapter:
[2022.05.02-12.07.04:833][  0]LogD3D11RHI:     Description : NVIDIA GeForce RTX 3050
[2022.05.02-12.07.04:833][  0]LogD3D11RHI:     VendorId    : 10de
[2022.05.02-12.07.04:833][  0]LogD3D11RHI:     DeviceId    : 2507
[2022.05.02-12.07.04:833][  0]LogD3D11RHI:     SubSysId    : 250710de
[2022.05.02-12.07.04:833][  0]LogD3D11RHI:     Revision    : 00a1
[2022.05.02-12.07.04:833][  0]LogD3D11RHI:     DedicatedVideoMemory : 8462008320 bytes
[2022.05.02-12.07.04:833][  0]LogD3D11RHI:     DedicatedSystemMemory : 0 bytes
[2022.05.02-12.07.04:833][  0]LogD3D11RHI:     SharedSystemMemory : 8483051520 bytes
[2022.05.02-12.07.04:833][  0]LogD3D11RHI:     AdapterLuid : 0 47607
[2022.05.02-12.07.04:874][  0]LogD3D11RHI: RHI has support for 64 bit atomics
[2022.05.02-12.07.04:874][  0]LogD3D11RHI: Async texture creation enabled
[2022.05.02-12.07.04:874][  0]LogD3D11RHI: Array index from any shader is supported
[2022.05.02-12.07.04:892][  0]LogD3D11RHI: GPU Timing Frequency: 1000.000000 (Debug: 2 2)
[2022.05.02-12.07.04:913][  0]LogRHI: GeForceNow SDK initialized: 1
[2022.05.02-12.07.05:126][  0]LogTargetPlatformManager: Display: Loaded TargetPlatform 'AllDesktop'
[2022.05.02-12.07.05:143][  0]LogTargetPlatformManager: Display: Loaded TargetPlatform 'Android'
[2022.05.02-12.07.05:143][  0]LogTargetPlatformManager: Display: Loaded TargetPlatform 'Android_ASTC'
[2022.05.02-12.07.05:143][  0]LogTargetPlatformManager: Display: Loaded TargetPlatform 'Android_DXT'
[2022.05.02-12.07.05:143][  0]LogTargetPlatformManager: Display: Loaded TargetPlatform 'Android_ETC2'
[2022.05.02-12.07.05:143][  0]LogTargetPlatformManager: Display: Loaded TargetPlatform 'AndroidClient'
[2022.05.02-12.07.05:143][  0]LogTargetPlatformManager: Display: Loaded TargetPlatform 'Android_ASTCClient'
[2022.05.02-12.07.05:143][  0]LogTargetPlatformManager: Display: Loaded TargetPlatform 'Android_DXTClient'
[2022.05.02-12.07.05:143][  0]LogTargetPlatformManager: Display: Loaded TargetPlatform 'Android_ETC2Client'
[2022.05.02-12.07.05:143][  0]LogTargetPlatformManager: Display: Loaded TargetPlatform 'Android_Multi'
[2022.05.02-12.07.05:143][  0]LogTargetPlatformManager: Display: Loaded TargetPlatform 'Android_MultiClient'
[2022.05.02-12.07.05:158][  0]LogTargetPlatformManager: Display: Loaded TargetPlatform 'IOSClient'
[2022.05.02-12.07.05:158][  0]LogTargetPlatformManager: Display: Loaded TargetPlatform 'IOS'
[2022.05.02-12.07.05:166][  0]LogTargetPlatformManager: Display: Loaded TargetPlatform 'Linux'
[2022.05.02-12.07.05:170][  0]LogTargetPlatformManager: Display: Loaded TargetPlatform 'LinuxNoEditor'
[2022.05.02-12.07.05:174][  0]LogTargetPlatformManager: Display: Loaded TargetPlatform 'LinuxClient'
[2022.05.02-12.07.05:178][  0]LogTargetPlatformManager: Display: Loaded TargetPlatform 'LinuxServer'
[2022.05.02-12.07.05:185][  0]LogTargetPlatformManager: Display: Loaded TargetPlatform 'LinuxAArch64NoEditor'
[2022.05.02-12.07.05:189][  0]LogTargetPlatformManager: Display: Loaded TargetPlatform 'LinuxAArch64Client'
[2022.05.02-12.07.05:193][  0]LogTargetPlatformManager: Display: Loaded TargetPlatform 'LinuxAArch64Server'
[2022.05.02-12.07.05:211][  0]LogTargetPlatformManager: Display: Loaded TargetPlatform 'Lumin'
[2022.05.02-12.07.05:211][  0]LogTargetPlatformManager: Display: Loaded TargetPlatform 'LuminClient'
[2022.05.02-12.07.05:219][  0]LogTargetPlatformManager: Display: Loaded TargetPlatform 'MacNoEditor'
[2022.05.02-12.07.05:223][  0]LogTargetPlatformManager: Display: Loaded TargetPlatform 'Mac'
[2022.05.02-12.07.05:228][  0]LogTargetPlatformManager: Display: Loaded TargetPlatform 'MacClient'
[2022.05.02-12.07.05:232][  0]LogTargetPlatformManager: Display: Loaded TargetPlatform 'MacServer'
[2022.05.02-12.07.05:241][  0]LogTargetPlatformManager: Display: Loaded TargetPlatform 'TVOSClient'
[2022.05.02-12.07.05:241][  0]LogTargetPlatformManager: Display: Loaded TargetPlatform 'TVOS'
[2022.05.02-12.07.05:249][  0]LogTargetPlatformManager: Display: Loaded TargetPlatform 'WindowsNoEditor'
[2022.05.02-12.07.05:252][  0]LogTargetPlatformManager: Display: Loaded TargetPlatform 'Windows'
[2022.05.02-12.07.05:256][  0]LogTargetPlatformManager: Display: Loaded TargetPlatform 'WindowsClient'
[2022.05.02-12.07.05:260][  0]LogTargetPlatformManager: Display: Loaded TargetPlatform 'WindowsServer'
[2022.05.02-12.07.05:260][  0]LogTargetPlatformManager: Display: Building Assets For Windows
[2022.05.02-12.07.05:267][  0]LogAudioDebug: Display: Lib vorbis DLL was dynamically loaded.
[2022.05.02-12.07.05:295][  0]LogTextureFormatOodle: Display: Oodle Texture 2.9.0 init RDO Off
[2022.05.02-12.07.05:325][  0]LogRendererCore: Ray tracing is disabled. Reason: r.RayTracing=0.
[2022.05.02-12.07.05:325][  0]LogShaderCompilers: Guid format shader working directory is 0 characters bigger than the processId version (E:/Memento SourceCode/MementoSource/MementoSC/Intermediate/Shaders/WorkingDirectory/1432/).
[2022.05.02-12.07.05:325][  0]LogShaderCompilers: Cleaned the shader compiler working directory 'C:/Users/user/AppData/Local/Temp/UnrealShaderWorkingDir/4F79118C4AD4A24793BC54A7C96E9478/'.
[2022.05.02-12.07.05:325][  0]LogXGEController: Cannot use XGE Controller as Incredibuild is not installed on this machine.
[2022.05.02-12.07.05:326][  0]LogShaderCompilers: Cannot use XGE Shader Compiler as Incredibuild is not installed on this machine.
[2022.05.02-12.07.05:326][  0]LogShaderCompilers: Display: Using Local Shader Compiler.
[2022.05.02-12.07.06:010][  0]LogDerivedDataCache: Display: Max Cache Size: 512 MB
[2022.05.02-12.07.06:044][  0]LogDerivedDataCache: Loaded boot cache 0.03s 94MB C:/Users/user/AppData/Local/UnrealEngine/4.27/DerivedDataCache/Boot.ddc.
[2022.05.02-12.07.06:044][  0]LogDerivedDataCache: Display: Loaded Boot cache: C:/Users/user/AppData/Local/UnrealEngine/4.27/DerivedDataCache/Boot.ddc
[2022.05.02-12.07.06:045][  0]LogDerivedDataCache: FDerivedDataBackendGraph:  Pak pak cache file E:/Memento SourceCode/MementoSource/MementoSC/DerivedDataCache/DDC.ddp not found, will not use a pak cache.
[2022.05.02-12.07.06:045][  0]LogDerivedDataCache: Unable to find inner node Pak for hierarchical cache Hierarchy.
[2022.05.02-12.07.06:045][  0]LogDerivedDataCache: FDerivedDataBackendGraph:  CompressedPak pak cache file E:/Memento SourceCode/MementoSource/MementoSC/DerivedDataCache/Compressed.ddp not found, will not use a pak cache.
[2022.05.02-12.07.06:045][  0]LogDerivedDataCache: Unable to find inner node CompressedPak for hierarchical cache Hierarchy.
[2022.05.02-12.07.06:060][  0]LogDerivedDataCache: Display: Pak cache opened for reading ../../../Engine/DerivedDataCache/Compressed.ddp.
[2022.05.02-12.07.06:060][  0]LogDerivedDataCache: FDerivedDataBackendGraph:  EnterprisePak pak cache file ../../../Enterprise/DerivedDataCache/Compressed.ddp not found, will not use a pak cache.
[2022.05.02-12.07.06:060][  0]LogDerivedDataCache: Unable to find inner node EnterprisePak for hierarchical cache Hierarchy.
[2022.05.02-12.07.06:069][  0]LogDerivedDataCache: Speed tests for C:/Users/user/AppData/Local/UnrealEngine/Common/DerivedDataCache took 0.01 seconds
[2022.05.02-12.07.06:069][  0]LogDerivedDataCache: Display: Performance to C:/Users/user/AppData/Local/UnrealEngine/Common/DerivedDataCache: Latency=0.02ms. RandomReadSpeed=229.21MBs, RandomWriteSpeed=209.31MBs. Assigned SpeedClass 'Local'
[2022.05.02-12.07.06:069][  0]LogDerivedDataCache: Using Local data cache path C:/Users/user/AppData/Local/UnrealEngine/Common/DerivedDataCache: Writable
[2022.05.02-12.07.06:069][  0]LogDerivedDataCache: Shared data cache path not found in *engine.ini, will not use an Shared cache.
[2022.05.02-12.07.06:069][  0]LogDerivedDataCache: Unable to find inner node Shared for hierarchical cache Hierarchy.
[2022.05.02-12.07.06:103][  0]LogSlate: Using FreeType 2.10.0
[2022.05.02-12.07.06:104][  0]LogSlate: SlateFontServices - WITH_FREETYPE: 1, WITH_HARFBUZZ: 1
[2022.05.02-12.07.06:127][  0]LogAssetRegistry: FAssetRegistry took 0.0020 seconds to start up
[2022.05.02-12.07.06:334][  0]LogInit: Selected Device Profile: [Windows]
[2022.05.02-12.07.06:334][  0]LogInit: Active device profile: [00000231F5074B00][00000231F0F898C0 49] Windows
[2022.05.02-12.07.06:334][  0]LogInit: Profiles: [00000231F5074B00][00000231F0F898C0 49] Windows, [00000231F504A100][00000231E68A7A40 49] WindowsNoEditor, [00000231F5075900][00000231E68AFBC0 49] WindowsServer, [00000231F504AE00][00000231E68B61C0 49] WindowsClient, [00000231F5077C00][00000231E68DC340 49] IOS, [00000231F5048F00][00000231E691E4C0 49] iPadAir, [00000231F5077E00][00000231EFF40600 49] iPadAir2, [00000231F4FA8C00][00000231F054E840 49] IPadPro, [00000231F4FA8D00][00000231F054A880 49] iPadAir3, [00000231F504BB00][00000231F05529C0 49] iPadAir4, [00000231F4FAB600][00000231F055AB40 49] iPadMini2, [00000231F504B200][00000231F055ECC0 49] iPadMini3, [00000231F4FAB800][00000231F0562E40 49] iPadMini4, [00000231F504B800][00000231F0566FC0 49] iPadMini5, [00000231F4FB0600][00000231F058D280 49] iPhone6, [00000231F4FB0700][00000231F05892C0 49] iPodTouch6, [00000231F5076900][00000231F0595580 49] iPhone7, [00000231F5076800][00000231F05915C0 49] iPodTouch7, [00000231F4FB0100][00000231F0599740 49] iPhone5S, [00000231F4FA8700][00000231F059D8C0 49] iPhone6Plus, [00000231F4FB2500][00000231F05A1A40 49] iPhone6S, [00000231F4FA9300][00000231F3D0FBC0 49] iPhone6SPlus, [00000231F4FB3B00][00000231F3D121C0 49] iPhone7Plus, [00000231F4FAB500][00000231F3D16340 49] iPhoneSE, [00000231F5076600][00000231F3D1A4C0 49] iPhone8, [00000231F4FA8600][00000231F3D1E640 49] iPhone8Plus, [00000231F5076200][00000231F0556780 49] iPhoneX, [00000231F4FAB300][00000231F3D6A8C0 49] iPhoneXS, [00000231F5077400][00000231F3D7AA00 49] iPhoneXSMax, [00000231F4FAAD00][00000231F394EB40 49] iPhoneXR, [00000231F5074200][00000231E4B0CCC0 49] iPhone11, [00000231F4FA9E00][00000231E4B10E40 49] iPhone11Pro, [00000231F5076A00][00000231E4B14FC0 49] iPhone11ProMax, [00000231F4FAB700][00000231E4B1F140 49] iPhoneSE2, [00000231F5074D00][00000231E4B232C0 49] iPhone12Mini, [00000231F4FA9F00][00000231EFFC3440 49] iPhone12, [00000231F5074700][00000231EFFC75C0 49] iPhone12Pro, [00000231F4FA9400][00000231EFFCB740 49] iPhone12ProMax, [00000231F5074C00][00000231EFFCF8C0 49] iPadPro105, [00000231F4FA9700][00000231EFFD3A40 49] iPadPro129, [00000231F5074100][00000231EFFD7BC0 49] iPadPro97, [00000231F4FABC00][00000231EFFDA1C0 49] iPadPro2_129, [00000231F5074800][00000231F3968340 49] iPad5, [00000231F4FAB100][00000231F396C4C0 49] iPad6, [00000231F5074500][00000231E68B2640 49] iPad7, [00000231F4FAA800][00000231E68AA7C0 49] iPad8, [00000231F5075500][00000231EFF36940 49] iPadPro11, [00000231F4FA9500][00000231E4B08A80 49] iPadPro2_11, [00000231F5074F00][00000231E68A2BC0 49] iPadPro3_129, [00000231F4FAAC00][00000231E689ED00 49] iPadPro4_129, [00000231F5076500][00000231E6896E80 49] AppleTV, [00000231F4FA9100][00000231F0E7F000 49] AppleTV4K, [00000231F5074400][00000231F0E7B180 49] TVOS, [00000231F4FAA600][00000231F0E77300 49] Mac, [00000231F5077D00][00000231F0E73480 49] MacClient, [00000231F4FA9800][00000231F0E6F600 49] MacNoEditor, [00000231F5077100][00000231F0E6B780 49] MacServer, [00000231F4FAB900][00000231F0E67900 49] Linux, [00000231F5074900][00000231F0E63A80 49] LinuxAArch64, [00000231F4FABF00][00000231F0E5FC00 49] LinuxNoEditor, [00000231F5075B00][00000231F0E5A200 49] LinuxAArch64NoEditor, [00000231F4FAB400][00000231F0E56380 49] LinuxClient, [00000231F5075C00][00000231F0E52500 49] LinuxAArch64Client, [00000231F4FA9D00][00000231F0E4E680 49] LinuxServer, [00000231F5076F00][00000231F0E4A800 49] LinuxAArch64Server, [00000231F4FA8500][00000231F0E46980 49] Android, [00000231F5075E00][00000231F0E42B00 49] Android_Low, [00000231F4FAB000][00000231E689AC40 49] Android_Mid, [00000231F5076400][00000231F0E3ED80 49] Android_High, [00000231F4FA8800][00000231F0E3AEC0 49] Android_Default, [00000231F5077200][00000231F0E33040 49] Android_Adreno4xx, [00000231F504A400][00000231EFFEB1C0 49] Android_Adreno5xx_Low, [00000231F4FB1C00][00000231EFFE7340 49] Android_Adreno5xx, [00000231F504BD00][00000231EFFE34C0 49] Android_Adreno6xx, [00000231F4FB2B00][00000231EFFDF640 49] Android_Adreno6xx_Vulkan, [00000231F504BE00][00000231F418D7C0 49] Android_Mali_T6xx, [00000231F4FB0F00][00000231F4189940 49] Android_Mali_T7xx, [00000231F5049300][00000231F4185AC0 49] Android_Mali_T8xx, [00000231F4FB1F00][00000231F41800C0 49] Android_Mali_G71, [00000231F5049C00][00000231EFF44240 49] Android_Mali_G72, [00000231F4FB2400][00000231E94EE3C0 49] Android_Mali_G72_Vulkan, [00000231F504B600][00000231F33FC540 49] Android_Mali_G76, [00000231F4FB2100][00000231F114C6C0 49] Android_Mali_G76_Vulkan, [00000231F5049B00][00000231EFF3A840 49] Android_Mali_G77, [00000231F4FB0A00][00000231F40109C0 49] Android_Mali_G77_Vulkan, [00000231F504B400][00000231F4014B40 49] Android_Mali_G78, [00000231F4FB1300][00000231F4018CC0 49] Android_Mali_G78_Vulkan, [00000231F504A900][00000231F0E36E00 49] Android_Mali_G710, [00000231F4FB3D00][00000231F401CF40 49] Android_Mali_G710_Vulkan, [00000231F5049E00][00000231F4021080 49] Android_Vulkan_SM5, [00000231F4FB0900][00000231F40251C0 49] Android_PowerVR_G6xxx, [00000231F5049F00][00000231F402D340 49] Android_PowerVR_GT7xxx, [00000231F4FB2700][00000231F41354C0 49] Android_PowerVR_GE8xxx, [00000231F504A300][00000231F4139640 49] Android_PowerVR_GM9xxx, [00000231F4FB3200][00000231F413D7C0 49] Android_PowerVR_GM9xxx_Vulkan, [00000231F504B000][00000231F4141940 49] Android_TegraK1, [00000231F4FB1700][00000231F4145AC0 49] Android_Unknown_Vulkan, [00000231F504B700][00000231F41480C0 49] Lumin, [00000231F4FB0200][00000231F414C240 49] Lumin_Desktop, [00000231F504A200][00000231F41503C0 49] HoloLens, 
[2022.05.02-12.07.06:442][  0]LogMeshReduction: Using QuadricMeshReduction for automatic static mesh reduction
[2022.05.02-12.07.06:442][  0]LogMeshReduction: Using SimplygonMeshReduction for automatic skeletal mesh reduction
[2022.05.02-12.07.06:442][  0]LogMeshReduction: Using ProxyLODMeshReduction for automatic mesh merging
[2022.05.02-12.07.06:442][  0]LogMeshReduction: No distributed automatic mesh merging module available
[2022.05.02-12.07.06:443][  0]LogMeshMerging: No distributed automatic mesh merging module available
[2022.05.02-12.07.06:457][  0]LogNetVersion: MementoSC 1.0.0, NetCL: 17155196, EngineNetVer: 17, GameNetVer: 0 (Checksum: 512871844)
[2022.05.02-12.07.06:816][  0]LogTexture: Default maximum texture size for cubemaps generated from long-lat sources has been changed from 512 to unlimited. In order to preserve old behaiour for '/Engine/MapTemplates/Sky/DaylightAmbientCubemap.DaylightAmbientCubemap', its maximum texture size has been explicitly set to 512.
[2022.05.02-12.07.06:858][  0]LogHMD: PokeAHoleMaterial loaded successfully
[2022.05.02-12.07.06:863][  0]LogUObjectArray: 17178 objects as part of root set at end of initial load.
[2022.05.02-12.07.06:863][  0]LogUObjectAllocator: 4302048 out of 0 bytes used by permanent object pool.
[2022.05.02-12.07.06:863][  0]LogUObjectArray: CloseDisregardForGC: 0/0 objects in disregard for GC pool
[2022.05.02-12.07.07:104][  0]LogPython: Using Python 3.7.7
[2022.05.02-12.07.07:588][  0]LogTcpMessaging: Initializing TcpMessaging bridge
[2022.05.02-12.07.07:606][  0]LogNiagaraDebuggerClient: Niagara Debugger Client Initialized | Session: 28A02101494930A278C4B689EF25FBD0 | Instance: 9D2DC4CC403B035983CC3B8D74DB0DB4 (PC-1432).
[2022.05.02-12.07.07:646][  0]LogUdpMessaging: Initializing bridge on interface 0.0.0.0:0 to multicast group 230.0.0.1:6666.
[2022.05.02-12.07.07:789][  0]SourceControl: Source control is disabled
[2022.05.02-12.07.07:789][  0]SourceControl: Source control is disabled
[2022.05.02-12.07.07:792][  0]SourceControl: Source control is disabled
[2022.05.02-12.07.07:797][  0]SourceControl: Source control is disabled
[2022.05.02-12.07.07:804][  0]SourceControl: Source control is disabled
[2022.05.02-12.07.07:809][  0]LogUProjectInfo: Found projects:
[2022.05.02-12.07.07:991][  0]LogOpenImageDenoise: OIDN starting up
[2022.05.02-12.07.08:041][  0]LogAndroidPermission: UAndroidPermissionCallbackProxy::GetInstance
[2022.05.02-12.07.08:058][  0]LogAudioCaptureCore: Display: No Audio Capture implementations found. Audio input will be silent.
[2022.05.02-12.07.08:058][  0]LogAudioCaptureCore: Display: No Audio Capture implementations found. Audio input will be silent.
[2022.05.02-12.07.08:190][  0]LogCollectionManager: Loaded 0 collections in 0.001325 seconds
[2022.05.02-12.07.08:217][  0]LogFileCache: Scanning file cache for directory 'E:/Memento SourceCode/MementoSource/MementoSC/Saved/Collections/' took 0.00s
[2022.05.02-12.07.08:217][  0]LogFileCache: Scanning file cache for directory 'E:/Memento SourceCode/MementoSource/MementoSC/Content/Developers/user/Collections/' took 0.00s
[2022.05.02-12.07.08:217][  0]LogFileCache: Scanning file cache for directory 'E:/Memento SourceCode/MementoSource/MementoSC/Content/Collections/' took 0.00s
[2022.05.02-12.07.08:217][  0]LogOcInput: OculusInput pre-init called
[2022.05.02-12.07.08:773][  0]LogClass: Display: Int8Property FMTSJson::version is not initialized properly. Module:MegascansPlugin File:Private/Utilities/MTSReader.h
[2022.05.02-12.07.08:773][  0]LogClass: Display: Int16Property FMTSJson::resolutionValue is not initialized properly. Module:MegascansPlugin File:Private/Utilities/MTSReader.h
[2022.05.02-12.07.08:773][  0]LogClass: Display: BoolProperty FMTSJson::isExternal is not initialized properly. Module:MegascansPlugin File:Private/Utilities/MTSReader.h
[2022.05.02-12.07.08:773][  0]LogClass: Display: Int8Property FMTSJson::meshVersion is not initialized properly. Module:MegascansPlugin File:Private/Utilities/MTSReader.h
[2022.05.02-12.07.08:773][  0]LogClass: Display: BoolProperty FMTSJson::isCustom is not initialized properly. Module:MegascansPlugin File:Private/Utilities/MTSReader.h
[2022.05.02-12.07.08:773][  0]LogClass: Display: BoolProperty FMTSJson::isModularAsset is not initialized properly. Module:MegascansPlugin File:Private/Utilities/MTSReader.h
[2022.05.02-12.07.08:773][  0]LogClass: Display: Int8Property FLodList::variation is not initialized properly. Module:MegascansPlugin File:Private/Utilities/MTSReader.h
[2022.05.02-12.07.08:773][  0]LogClass: Display: Int16Property FMeshList::resolution is not initialized properly. Module:MegascansPlugin File:Private/Utilities/MTSReader.h
[2022.05.02-12.07.08:773][  0]LogClass: Display: Int16Property FComponents::resolution is not initialized properly. Module:MegascansPlugin File:Private/Utilities/MTSReader.h
[2022.05.02-12.07.08:773][  0]LogClass: Display: BoolProperty FTextureSets::isUdim is not initialized properly. Module:MegascansPlugin File:Private/Utilities/MTSReader.h
[2022.05.02-12.07.08:773][  0]LogClass: Display: BoolProperty FMeta::value is not initialized properly. Module:MegascansPlugin File:Private/Utilities/MTSReader.h
[2022.05.02-12.07.08:773][  0]LogClass: Display: 11 Uninitialized script struct members found including 0 object properties
[2022.05.02-12.07.08:774][  0]LogEngine: Initializing Engine...
[2022.05.02-12.07.08:776][  0]LogHMD: Failed to enumerate extensions. Please check that you have a valid OpenXR runtime installed.
[2022.05.02-12.07.08:776][  0]LogHMD: Failed to initialize OpenVR with code 110
[2022.05.02-12.07.08:776][  0]LogMagicLeap: Warning: VR disabled because ZI is not enabled.  To enable, in the editor, Edit -> Project Settings -> Plugins -> Magic Leap Plugin -> Enable Zero Iteration
[2022.05.02-12.07.08:777][  0]LogStats: UGameplayTagsManager::InitializeManager -  0.000 s
[2022.05.02-12.07.08:873][  0]LogInit: Initializing FReadOnlyCVARCache
[2022.05.02-12.07.08:880][  0]LogAIModule: Creating AISystem for world Untitled
[2022.05.02-12.07.08:882][  0]LogAudio: Display: Initializing Audio Device Manager...
[2022.05.02-12.07.08:886][  0]LogAudio: Display: Loading Default Audio Settings Objects...
[2022.05.02-12.07.08:887][  0]LogAudio: Display: No default SoundConcurrencyObject specified (or failed to load).
[2022.05.02-12.07.08:887][  0]LogAudio: Display: Audio Device Manager Initialized
[2022.05.02-12.07.08:887][  0]LogAudio: Display: Creating Audio Device:                 Id: 1, Scope: Shared, Realtime: True
[2022.05.02-12.07.08:887][  0]LogAudioMixer: Display: Audio Mixer Platform Settings:
[2022.05.02-12.07.08:887][  0]LogAudioMixer: Display: 	Sample Rate:						  48000
[2022.05.02-12.07.08:887][  0]LogAudioMixer: Display: 	Callback Buffer Frame Size Requested: 1024
[2022.05.02-12.07.08:887][  0]LogAudioMixer: Display: 	Callback Buffer Frame Size To Use:	  1024
[2022.05.02-12.07.08:887][  0]LogAudioMixer: Display: 	Number of buffers to queue:			  2
[2022.05.02-12.07.08:887][  0]LogAudioMixer: Display: 	Max Channels (voices):				  32
[2022.05.02-12.07.08:887][  0]LogAudioMixer: Display: 	Number of Async Source Workers:		  0
[2022.05.02-12.07.08:887][  0]LogAudio: Display: AudioDevice MaxSources: 32
[2022.05.02-12.07.08:887][  0]LogAudio: Display: Audio Spatialization Plugin: None (built-in).
[2022.05.02-12.07.08:887][  0]LogAudio: Display: Audio Reverb Plugin: None (built-in).
[2022.05.02-12.07.08:887][  0]LogAudio: Display: Audio Occlusion Plugin: None (built-in).
[2022.05.02-12.07.08:887][  0]LogAudioMixer: Display: Initializing audio mixer.
[2022.05.02-12.07.08:897][  0]LogAudioMixer: Display: 0: FrontLeft
[2022.05.02-12.07.08:897][  0]LogAudioMixer: Display: 1: FrontRight
[2022.05.02-12.07.08:907][  0]LogAudioMixer: Display: Using Audio Device 27G3G3- (NVIDIA High Definition Audio)
[2022.05.02-12.07.08:908][  0]LogAudioMixer: Display: Initializing Sound Submixes...
[2022.05.02-12.07.08:912][  0]LogAudioMixer: Display: Creating Master Submix 'MasterSubmixDefault'
[2022.05.02-12.07.08:912][  0]LogAudioMixer: Display: Creating Master Submix 'MasterReverbSubmixDefault'
[2022.05.02-12.07.08:912][  0]LogAudioMixer: Display: Creating Master Submix 'MasterEQSubmixDefault'
[2022.05.02-12.07.08:912][  0]LogAudioMixer: FMixerPlatformXAudio2::StartAudioStream() called
[2022.05.02-12.07.08:913][  0]LogAudioMixer: Display: Output buffers initialized: Frames=1024, Channels=2, Samples=2048
[2022.05.02-12.07.08:913][  0]LogAudioMixer: Display: Starting AudioMixerPlatformInterface::RunInternal()
[2022.05.02-12.07.08:913][  0]LogAudioMixer: Display: FMixerPlatformXAudio2::SubmitBuffer() called for the first time
[2022.05.02-12.07.08:913][  0]LogInit: FAudioDevice initialized.
[2022.05.02-12.07.08:914][  0]LogAudio: Display: Audio Device (ID: 1) registered with world 'Untitled'.
[2022.05.02-12.07.08:914][  0]LogNetVersion: Set ProjectVersion to 1.0.0.0. Version Checksum will be recalculated on next use.
[2022.05.02-12.07.09:009][  0]LogDerivedDataCache: Saved boot cache 0.10s 94MB C:/Users/user/AppData/Local/UnrealEngine/4.27/DerivedDataCache/Boot.ddc.
[2022.05.02-12.07.09:010][  0]LogInit: Texture streaming: Enabled
[2022.05.02-12.07.09:021][  0]LogAnalytics: Display: [UEEditor.Rocket.Release] APIServer = https://datarouter.ol.epicgames.com/. AppVersion = 4.27.2-18319896+++UE4+Release-4.27
[2022.05.02-12.07.09:025][  0]LogEngineSessionManager: EngineSessionManager initialized
[2022.05.02-12.07.09:025][  0]LogEditorSessionSummary: Verbose: Initializing EditorSessionSummaryWriter for editor session tracking
[2022.05.02-12.07.09:026][  0]LogEditorSessionSummary: EditorSessionSummaryWriter initialized
[2022.05.02-12.07.09:060][  0]LogInit: Transaction tracking system initialized
[2022.05.02-12.07.09:083][  0]BlueprintLog: New page: Editor Load
[2022.05.02-12.07.09:144][  0]LocalizationService: Localization service is disabled
[2022.05.02-12.07.09:168][  0]TimingProfiler: Initialize
[2022.05.02-12.07.09:169][  0]TimingProfiler: OnSessionChanged
[2022.05.02-12.07.09:169][  0]LoadingProfiler: Initialize
[2022.05.02-12.07.09:169][  0]LoadingProfiler: OnSessionChanged
[2022.05.02-12.07.09:169][  0]NetworkingProfiler: Initialize
[2022.05.02-12.07.09:169][  0]NetworkingProfiler: OnSessionChanged
[2022.05.02-12.07.09:169][  0]MemoryProfiler: Initialize
[2022.05.02-12.07.09:169][  0]MemoryProfiler: OnSessionChanged
[2022.05.02-12.07.09:321][  0]LogCook: Display: CookSettings for Memory: MemoryMaxUsedVirtual 0MiB, MemoryMaxUsedPhysical 16384MiB, MemoryMinFreeVirtual 0MiB, MemoryMinFreePhysical 1024MiB
[2022.05.02-12.07.09:321][  0]LogCook: Display: Mobile HDR setting 1
[2022.05.02-12.07.09:512][  0]LogFileCache: Scanning file cache for directory 'E:/Memento SourceCode/MementoSource/MementoSC/Content/' took 0.00s
[2022.05.02-12.07.09:709][  0]LogInit: Display: Engine is initialized. Leaving FEngineLoop::Init()
[2022.05.02-12.07.09:711][  0]SourceControl: Source control is disabled
[2022.05.02-12.07.09:711][  0]LogUnrealEdMisc: Loading editor; pre map load, took 6.347
[2022.05.02-12.07.09:711][  0]Cmd: MAP LOAD FILE="E:/Memento SourceCode/MementoSource/MementoSC/Content/Maps/Level.umap" TEMPLATE=0 SHOWPROGRESS=1 FEATURELEVEL=3
[2022.05.02-12.07.09:712][  0]LightingResults: New page: Lighting Build
[2022.05.02-12.07.09:713][  0]LogWorld: UWorld::CleanupWorld for Untitled, bSessionEnded=true, bCleanupResources=true
[2022.05.02-12.07.09:713][  0]LogSlate: InvalidateAllWidgets triggered.  All widgets were invalidated
[2022.05.02-12.07.09:713][  0]MapCheck: New page: Map Check
[2022.05.02-12.07.09:713][  0]LightingResults: New page: Lighting Build
[2022.05.02-12.07.09:738][  0]LogAudio: Display: Audio Device unregistered from world 'None'.
[2022.05.02-12.07.09:741][  0]LogUObjectHash: Compacting FUObjectHashTables data took   0.71ms
[2022.05.02-12.07.09:957][  0]LogBlueprint: Warning: [AssetLog] E:\Memento SourceCode\MementoSource\MementoSC\Content\VHExterior\Blueprints\BP_VictorianCharacter.uasset: [Compiler] Input pin  Method  specifying non-default value no longer exists on node  Make PostProcessSettings . Please refresh node or reset pin to default value to remove pin.
[2022.05.02-12.07.11:038][  0]LogTexture: Default maximum texture size for cubemaps generated from long-lat sources has been changed from 512 to unlimited. In order to preserve old behaiour for '/Game/VHExterior/Textures/T_HDRI_01.T_HDRI_01', its maximum texture size has been explicitly set to 512.
[2022.05.02-12.07.11:089][  0]LogPhysics: Warning: Failed to cook TriMesh: /Game/VHExterior/Meshes/Mesh_GodRay_Plane.Mesh_GodRay_Plane.
[2022.05.02-12.07.11:089][  0]LogPhysics: Warning: Attempt to build physics data for /Game/VHExterior/Meshes/Mesh_GodRay_Plane.Mesh_GodRay_Plane:RB_BodySetup_2 when we are unable to.
[2022.05.02-12.07.11:710][  0]LogAudio: Display: Audio Device (ID: 1) registered with world 'Level'.
[2022.05.02-12.07.11:710][  0]LogAIModule: Creating AISystem for world Level
[2022.05.02-12.07.12:092][  0]LogStreaming: Display: ULevelStreaming::RequestLevel(/Game/Maps/House) is flushing async loading
[2022.05.02-12.07.12:092][  0]LogStreaming: Display: FlushAsyncLoading: 1 QueuedPackages, 0 AsyncPackages
[2022.05.02-12.07.12:116][  0]LogStreaming: Display: ULevelStreaming::RequestLevel(/Game/Maps/Street) is flushing async loading
[2022.05.02-12.07.12:122][  0]LogEditorServer: Finished looking for orphan Actors (0.000 secs)
[2022.05.02-12.07.12:174][  0]LogUObjectHash: Compacting FUObjectHashTables data took   1.64ms
[2022.05.02-12.07.12:174][  0]Cmd: MAP CHECKDEP NOCLEARLOG
[2022.05.02-12.07.12:174][  0]MapCheck: Map check complete: 0 Error(s), 0 Warning(s), took 0.239ms to complete.
[2022.05.02-12.07.12:174][  0]LogFileHelpers: Loading map 'Level' took 2.463
[2022.05.02-12.07.12:176][  0]LogUnrealEdMisc: Total Editor Startup Time, took 8.812
[2022.05.02-12.07.12:267][  0]LogSlate: Updating window title bar state: overlay mode, drag disabled, window buttons hidden, title bar hidden
[2022.05.02-12.07.12:272][  0]LogSlate: Updating window title bar state: overlay mode, drag disabled, window buttons hidden, title bar hidden
[2022.05.02-12.07.12:277][  0]LogSlate: Updating window title bar state: overlay mode, drag disabled, window buttons hidden, title bar hidden
[2022.05.02-12.07.12:282][  0]LogSlate: Updating window title bar state: overlay mode, drag disabled, window buttons hidden, title bar hidden
[2022.05.02-12.07.12:293][  0]LogNativeClassHierarchy: Verbose: Native class hierarchy populated in 0.0080 seconds. Added 3833 classes and 935 folders.
[2022.05.02-12.07.12:294][  0]LogNativeClassHierarchy: Verbose: Native class hierarchy updated for 'WidgetCarousel' in 0.0002 seconds. Added 0 classes and 0 folders.
[2022.05.02-12.07.12:296][  0]LogPakFile: PakFile PrimaryIndexSize=187
[2022.05.02-12.07.12:296][  0]LogPakFile: PakFile PathHashIndexSize=101
[2022.05.02-12.07.12:296][  0]LogPakFile: PakFile FullDirectoryIndexSize=148
[2022.05.02-12.07.12:296][  0]LogShaderLibrary: Display: ShaderCodeLibraryPakFileMountedCallback: PakFile 'C:/Program Files/Epic Games/UE_4.27/FeaturePacks/FP_FirstPerson.upack' (chunk index -1, root 'root:/') mounted
[2022.05.02-12.07.12:296][  0]LogShaderLibrary: Display: ShaderCodeLibraryPakFileMountedCallback: pending pak file info (ChunkID:-1 Root:root:/ File:C:/Program Files/Epic Games/UE_4.27/FeaturePacks/FP_FirstPerson.upack)
[2022.05.02-12.07.12:296][  0]LogPakFile: OnPakFileMounted2Time == 0.000040
[2022.05.02-12.07.12:297][  0]LogPakFile: PakFile PrimaryIndexSize=189
[2022.05.02-12.07.12:297][  0]LogPakFile: PakFile PathHashIndexSize=101
[2022.05.02-12.07.12:297][  0]LogPakFile: PakFile FullDirectoryIndexSize=152
[2022.05.02-12.07.12:297][  0]LogShaderLibrary: Display: ShaderCodeLibraryPakFileMountedCallback: PakFile 'C:/Program Files/Epic Games/UE_4.27/FeaturePacks/FP_FirstPersonBP.upack' (chunk index -1, root 'root:/') mounted
[2022.05.02-12.07.12:297][  0]LogShaderLibrary: Display: ShaderCodeLibraryPakFileMountedCallback: pending pak file info (ChunkID:-1 Root:root:/ File:C:/Program Files/Epic Games/UE_4.27/FeaturePacks/FP_FirstPersonBP.upack)
[2022.05.02-12.07.12:297][  0]LogPakFile: OnPakFileMounted2Time == 0.000025
[2022.05.02-12.07.12:298][  0]LogPakFile: PakFile PrimaryIndexSize=191
[2022.05.02-12.07.12:298][  0]LogPakFile: PakFile PathHashIndexSize=101
[2022.05.02-12.07.12:298][  0]LogPakFile: PakFile FullDirectoryIndexSize=160
[2022.05.02-12.07.12:298][  0]LogShaderLibrary: Display: ShaderCodeLibraryPakFileMountedCallback: PakFile 'C:/Program Files/Epic Games/UE_4.27/FeaturePacks/MobileStarterContent.upack' (chunk index -1, root 'root:/') mounted
[2022.05.02-12.07.12:298][  0]LogShaderLibrary: Display: ShaderCodeLibraryPakFileMountedCallback: pending pak file info (ChunkID:-1 Root:root:/ File:C:/Program Files/Epic Games/UE_4.27/FeaturePacks/MobileStarterContent.upack)
[2022.05.02-12.07.12:298][  0]LogPakFile: OnPakFileMounted2Time == 0.000029
[2022.05.02-12.07.12:298][  0]LogPakFile: PakFile PrimaryIndexSize=185
[2022.05.02-12.07.12:298][  0]LogPakFile: PakFile PathHashIndexSize=101
[2022.05.02-12.07.12:298][  0]LogPakFile: PakFile FullDirectoryIndexSize=148
[2022.05.02-12.07.12:298][  0]LogShaderLibrary: Display: ShaderCodeLibraryPakFileMountedCallback: PakFile 'C:/Program Files/Epic Games/UE_4.27/FeaturePacks/StarterContent.upack' (chunk index -1, root 'root:/') mounted
[2022.05.02-12.07.12:298][  0]LogShaderLibrary: Display: ShaderCodeLibraryPakFileMountedCallback: pending pak file info (ChunkID:-1 Root:root:/ File:C:/Program Files/Epic Games/UE_4.27/FeaturePacks/StarterContent.upack)
[2022.05.02-12.07.12:298][  0]LogPakFile: OnPakFileMounted2Time == 0.000025
[2022.05.02-12.07.12:299][  0]LogPakFile: PakFile PrimaryIndexSize=190
[2022.05.02-12.07.12:299][  0]LogPakFile: PakFile PathHashIndexSize=101
[2022.05.02-12.07.12:299][  0]LogPakFile: PakFile FullDirectoryIndexSize=154
[2022.05.02-12.07.12:299][  0]LogShaderLibrary: Display: ShaderCodeLibraryPakFileMountedCallback: PakFile 'C:/Program Files/Epic Games/UE_4.27/FeaturePacks/TP_2DSideScroller.upack' (chunk index -1, root 'root:/') mounted
[2022.05.02-12.07.12:299][  0]LogShaderLibrary: Display: ShaderCodeLibraryPakFileMountedCallback: pending pak file info (ChunkID:-1 Root:root:/ File:C:/Program Files/Epic Games/UE_4.27/FeaturePacks/TP_2DSideScroller.upack)
[2022.05.02-12.07.12:299][  0]LogPakFile: OnPakFileMounted2Time == 0.000024
[2022.05.02-12.07.12:300][  0]LogPakFile: PakFile PrimaryIndexSize=192
[2022.05.02-12.07.12:300][  0]LogPakFile: PakFile PathHashIndexSize=101
[2022.05.02-12.07.12:300][  0]LogPakFile: PakFile FullDirectoryIndexSize=158
[2022.05.02-12.07.12:300][  0]LogShaderLibrary: Display: ShaderCodeLibraryPakFileMountedCallback: PakFile 'C:/Program Files/Epic Games/UE_4.27/FeaturePacks/TP_2DSideScrollerBP.upack' (chunk index -1, root 'root:/') mounted
[2022.05.02-12.07.12:300][  0]LogShaderLibrary: Display: ShaderCodeLibraryPakFileMountedCallback: pending pak file info (ChunkID:-1 Root:root:/ File:C:/Program Files/Epic Games/UE_4.27/FeaturePacks/TP_2DSideScrollerBP.upack)
[2022.05.02-12.07.12:300][  0]LogPakFile: OnPakFileMounted2Time == 0.000023
[2022.05.02-12.07.12:300][  0]LogPakFile: PakFile PrimaryIndexSize=182
[2022.05.02-12.07.12:300][  0]LogPakFile: PakFile PathHashIndexSize=101
[2022.05.02-12.07.12:300][  0]LogPakFile: PakFile FullDirectoryIndexSize=138
[2022.05.02-12.07.12:300][  0]LogShaderLibrary: Display: ShaderCodeLibraryPakFileMountedCallback: PakFile 'C:/Program Files/Epic Games/UE_4.27/FeaturePacks/TP_Flying.upack' (chunk index -1, root 'root:/') mounted
[2022.05.02-12.07.12:300][  0]LogShaderLibrary: Display: ShaderCodeLibraryPakFileMountedCallback: pending pak file info (ChunkID:-1 Root:root:/ File:C:/Program Files/Epic Games/UE_4.27/FeaturePacks/TP_Flying.upack)
[2022.05.02-12.07.12:300][  0]LogPakFile: OnPakFileMounted2Time == 0.000023
[2022.05.02-12.07.12:301][  0]LogPakFile: PakFile PrimaryIndexSize=184
[2022.05.02-12.07.12:301][  0]LogPakFile: PakFile PathHashIndexSize=101
[2022.05.02-12.07.12:301][  0]LogPakFile: PakFile FullDirectoryIndexSize=142
[2022.05.02-12.07.12:301][  0]LogShaderLibrary: Display: ShaderCodeLibraryPakFileMountedCallback: PakFile 'C:/Program Files/Epic Games/UE_4.27/FeaturePacks/TP_FlyingBP.upack' (chunk index -1, root 'root:/') mounted
[2022.05.02-12.07.12:301][  0]LogShaderLibrary: Display: ShaderCodeLibraryPakFileMountedCallback: pending pak file info (ChunkID:-1 Root:root:/ File:C:/Program Files/Epic Games/UE_4.27/FeaturePacks/TP_FlyingBP.upack)
[2022.05.02-12.07.12:301][  0]LogPakFile: OnPakFileMounted2Time == 0.000022
[2022.05.02-12.07.12:301][  0]LogPakFile: PakFile PrimaryIndexSize=188
[2022.05.02-12.07.12:301][  0]LogPakFile: PakFile PathHashIndexSize=101
[2022.05.02-12.07.12:301][  0]LogPakFile: PakFile FullDirectoryIndexSize=150
[2022.05.02-12.07.12:301][  0]LogShaderLibrary: Display: ShaderCodeLibraryPakFileMountedCallback: PakFile 'C:/Program Files/Epic Games/UE_4.27/FeaturePacks/TP_HandheldARBP.upack' (chunk index -1, root 'root:/') mounted
[2022.05.02-12.07.12:301][  0]LogShaderLibrary: Display: ShaderCodeLibraryPakFileMountedCallback: pending pak file info (ChunkID:-1 Root:root:/ File:C:/Program Files/Epic Games/UE_4.27/FeaturePacks/TP_HandheldARBP.upack)
[2022.05.02-12.07.12:301][  0]LogPakFile: OnPakFileMounted2Time == 0.000022
[2022.05.02-12.07.12:302][  0]LogPakFile: PakFile PrimaryIndexSize=182
[2022.05.02-12.07.12:302][  0]LogPakFile: PakFile PathHashIndexSize=101
[2022.05.02-12.07.12:302][  0]LogPakFile: PakFile FullDirectoryIndexSize=138
[2022.05.02-12.07.12:302][  0]LogShaderLibrary: Display: ShaderCodeLibraryPakFileMountedCallback: PakFile 'C:/Program Files/Epic Games/UE_4.27/FeaturePacks/TP_Puzzle.upack' (chunk index -1, root 'root:/') mounted
[2022.05.02-12.07.12:302][  0]LogShaderLibrary: Display: ShaderCodeLibraryPakFileMountedCallback: pending pak file info (ChunkID:-1 Root:root:/ File:C:/Program Files/Epic Games/UE_4.27/FeaturePacks/TP_Puzzle.upack)
[2022.05.02-12.07.12:302][  0]LogPakFile: OnPakFileMounted2Time == 0.000022
[2022.05.02-12.07.12:303][  0]LogPakFile: PakFile PrimaryIndexSize=184
[2022.05.02-12.07.12:303][  0]LogPakFile: PakFile PathHashIndexSize=101
[2022.05.02-12.07.12:303][  0]LogPakFile: PakFile FullDirectoryIndexSize=142
[2022.05.02-12.07.12:303][  0]LogShaderLibrary: Display: ShaderCodeLibraryPakFileMountedCallback: PakFile 'C:/Program Files/Epic Games/UE_4.27/FeaturePacks/TP_PuzzleBP.upack' (chunk index -1, root 'root:/') mounted
[2022.05.02-12.07.12:303][  0]LogShaderLibrary: Display: ShaderCodeLibraryPakFileMountedCallback: pending pak file info (ChunkID:-1 Root:root:/ File:C:/Program Files/Epic Games/UE_4.27/FeaturePacks/TP_PuzzleBP.upack)
[2022.05.02-12.07.12:303][  0]LogPakFile: OnPakFileMounted2Time == 0.000022
[2022.05.02-12.07.12:303][  0]LogPakFile: PakFile PrimaryIndexSize=183
[2022.05.02-12.07.12:303][  0]LogPakFile: PakFile PathHashIndexSize=101
[2022.05.02-12.07.12:303][  0]LogPakFile: PakFile FullDirectoryIndexSize=140
[2022.05.02-12.07.12:303][  0]LogShaderLibrary: Display: ShaderCodeLibraryPakFileMountedCallback: PakFile 'C:/Program Files/Epic Games/UE_4.27/FeaturePacks/TP_Rolling.upack' (chunk index -1, root 'root:/') mounted
[2022.05.02-12.07.12:303][  0]LogShaderLibrary: Display: ShaderCodeLibraryPakFileMountedCallback: pending pak file info (ChunkID:-1 Root:root:/ File:C:/Program Files/Epic Games/UE_4.27/FeaturePacks/TP_Rolling.upack)
[2022.05.02-12.07.12:303][  0]LogPakFile: OnPakFileMounted2Time == 0.000023
[2022.05.02-12.07.12:304][  0]LogPakFile: PakFile PrimaryIndexSize=185
[2022.05.02-12.07.12:304][  0]LogPakFile: PakFile PathHashIndexSize=101
[2022.05.02-12.07.12:304][  0]LogPakFile: PakFile FullDirectoryIndexSize=144
[2022.05.02-12.07.12:304][  0]LogShaderLibrary: Display: ShaderCodeLibraryPakFileMountedCallback: PakFile 'C:/Program Files/Epic Games/UE_4.27/FeaturePacks/TP_RollingBP.upack' (chunk index -1, root 'root:/') mounted
[2022.05.02-12.07.12:304][  0]LogShaderLibrary: Display: ShaderCodeLibraryPakFileMountedCallback: pending pak file info (ChunkID:-1 Root:root:/ File:C:/Program Files/Epic Games/UE_4.27/FeaturePacks/TP_RollingBP.upack)
[2022.05.02-12.07.12:304][  0]LogPakFile: OnPakFileMounted2Time == 0.000022
[2022.05.02-12.07.12:304][  0]LogPakFile: PakFile PrimaryIndexSize=188
[2022.05.02-12.07.12:305][  0]LogPakFile: PakFile PathHashIndexSize=101
[2022.05.02-12.07.12:305][  0]LogPakFile: PakFile FullDirectoryIndexSize=150
[2022.05.02-12.07.12:305][  0]LogShaderLibrary: Display: ShaderCodeLibraryPakFileMountedCallback: PakFile 'C:/Program Files/Epic Games/UE_4.27/FeaturePacks/TP_SideScroller.upack' (chunk index -1, root 'root:/') mounted
[2022.05.02-12.07.12:305][  0]LogShaderLibrary: Display: ShaderCodeLibraryPakFileMountedCallback: pending pak file info (ChunkID:-1 Root:root:/ File:C:/Program Files/Epic Games/UE_4.27/FeaturePacks/TP_SideScroller.upack)
[2022.05.02-12.07.12:305][  0]LogPakFile: OnPakFileMounted2Time == 0.000022
[2022.05.02-12.07.12:305][  0]LogPakFile: PakFile PrimaryIndexSize=190
[2022.05.02-12.07.12:305][  0]LogPakFile: PakFile PathHashIndexSize=101
[2022.05.02-12.07.12:305][  0]LogPakFile: PakFile FullDirectoryIndexSize=154
[2022.05.02-12.07.12:305][  0]LogShaderLibrary: Display: ShaderCodeLibraryPakFileMountedCallback: PakFile 'C:/Program Files/Epic Games/UE_4.27/FeaturePacks/TP_SideScrollerBP.upack' (chunk index -1, root 'root:/') mounted
[2022.05.02-12.07.12:305][  0]LogShaderLibrary: Display: ShaderCodeLibraryPakFileMountedCallback: pending pak file info (ChunkID:-1 Root:root:/ File:C:/Program Files/Epic Games/UE_4.27/FeaturePacks/TP_SideScrollerBP.upack)
[2022.05.02-12.07.12:305][  0]LogPakFile: OnPakFileMounted2Time == 0.000023
[2022.05.02-12.07.12:306][  0]LogPakFile: PakFile PrimaryIndexSize=187
[2022.05.02-12.07.12:306][  0]LogPakFile: PakFile PathHashIndexSize=101
[2022.05.02-12.07.12:306][  0]LogPakFile: PakFile FullDirectoryIndexSize=148
[2022.05.02-12.07.12:306][  0]LogShaderLibrary: Display: ShaderCodeLibraryPakFileMountedCallback: PakFile 'C:/Program Files/Epic Games/UE_4.27/FeaturePacks/TP_ThirdPerson.upack' (chunk index -1, root 'root:/') mounted
[2022.05.02-12.07.12:306][  0]LogShaderLibrary: Display: ShaderCodeLibraryPakFileMountedCallback: pending pak file info (ChunkID:-1 Root:root:/ File:C:/Program Files/Epic Games/UE_4.27/FeaturePacks/TP_ThirdPerson.upack)
[2022.05.02-12.07.12:306][  0]LogPakFile: OnPakFileMounted2Time == 0.000022
[2022.05.02-12.07.12:306][  0]LogPakFile: PakFile PrimaryIndexSize=189
[2022.05.02-12.07.12:306][  0]LogPakFile: PakFile PathHashIndexSize=101
[2022.05.02-12.07.12:306][  0]LogPakFile: PakFile FullDirectoryIndexSize=152
[2022.05.02-12.07.12:306][  0]LogShaderLibrary: Display: ShaderCodeLibraryPakFileMountedCallback: PakFile 'C:/Program Files/Epic Games/UE_4.27/FeaturePacks/TP_ThirdPersonBP.upack' (chunk index -1, root 'root:/') mounted
[2022.05.02-12.07.12:306][  0]LogShaderLibrary: Display: ShaderCodeLibraryPakFileMountedCallback: pending pak file info (ChunkID:-1 Root:root:/ File:C:/Program Files/Epic Games/UE_4.27/FeaturePacks/TP_ThirdPersonBP.upack)
[2022.05.02-12.07.12:306][  0]LogPakFile: OnPakFileMounted2Time == 0.000023
[2022.05.02-12.07.12:307][  0]LogPakFile: PakFile PrimaryIndexSize=183
[2022.05.02-12.07.12:307][  0]LogPakFile: PakFile PathHashIndexSize=101
[2022.05.02-12.07.12:307][  0]LogPakFile: PakFile FullDirectoryIndexSize=140
[2022.05.02-12.07.12:307][  0]LogShaderLibrary: Display: ShaderCodeLibraryPakFileMountedCallback: PakFile 'C:/Program Files/Epic Games/UE_4.27/FeaturePacks/TP_TopDown.upack' (chunk index -1, root 'root:/') mounted
[2022.05.02-12.07.12:307][  0]LogShaderLibrary: Display: ShaderCodeLibraryPakFileMountedCallback: pending pak file info (ChunkID:-1 Root:root:/ File:C:/Program Files/Epic Games/UE_4.27/FeaturePacks/TP_TopDown.upack)
[2022.05.02-12.07.12:307][  0]LogPakFile: OnPakFileMounted2Time == 0.000029
[2022.05.02-12.07.12:308][  0]LogPakFile: PakFile PrimaryIndexSize=185
[2022.05.02-12.07.12:308][  0]LogPakFile: PakFile PathHashIndexSize=101
[2022.05.02-12.07.12:308][  0]LogPakFile: PakFile FullDirectoryIndexSize=144
[2022.05.02-12.07.12:308][  0]LogShaderLibrary: Display: ShaderCodeLibraryPakFileMountedCallback: PakFile 'C:/Program Files/Epic Games/UE_4.27/FeaturePacks/TP_TopDownBP.upack' (chunk index -1, root 'root:/') mounted
[2022.05.02-12.07.12:308][  0]LogShaderLibrary: Display: ShaderCodeLibraryPakFileMountedCallback: pending pak file info (ChunkID:-1 Root:root:/ File:C:/Program Files/Epic Games/UE_4.27/FeaturePacks/TP_TopDownBP.upack)
[2022.05.02-12.07.12:308][  0]LogPakFile: OnPakFileMounted2Time == 0.000023
[2022.05.02-12.07.12:308][  0]LogPakFile: PakFile PrimaryIndexSize=185
[2022.05.02-12.07.12:308][  0]LogPakFile: PakFile PathHashIndexSize=101
[2022.05.02-12.07.12:308][  0]LogPakFile: PakFile FullDirectoryIndexSize=144
[2022.05.02-12.07.12:308][  0]LogShaderLibrary: Display: ShaderCodeLibraryPakFileMountedCallback: PakFile 'C:/Program Files/Epic Games/UE_4.27/FeaturePacks/TP_TwinStick.upack' (chunk index -1, root 'root:/') mounted
[2022.05.02-12.07.12:308][  0]LogShaderLibrary: Display: ShaderCodeLibraryPakFileMountedCallback: pending pak file info (ChunkID:-1 Root:root:/ File:C:/Program Files/Epic Games/UE_4.27/FeaturePacks/TP_TwinStick.upack)
[2022.05.02-12.07.12:308][  0]LogPakFile: OnPakFileMounted2Time == 0.000022
[2022.05.02-12.07.12:309][  0]LogPakFile: PakFile PrimaryIndexSize=187
[2022.05.02-12.07.12:309][  0]LogPakFile: PakFile PathHashIndexSize=101
[2022.05.02-12.07.12:309][  0]LogPakFile: PakFile FullDirectoryIndexSize=148
[2022.05.02-12.07.12:309][  0]LogShaderLibrary: Display: ShaderCodeLibraryPakFileMountedCallback: PakFile 'C:/Program Files/Epic Games/UE_4.27/FeaturePacks/TP_TwinStickBP.upack' (chunk index -1, root 'root:/') mounted
[2022.05.02-12.07.12:309][  0]LogShaderLibrary: Display: ShaderCodeLibraryPakFileMountedCallback: pending pak file info (ChunkID:-1 Root:root:/ File:C:/Program Files/Epic Games/UE_4.27/FeaturePacks/TP_TwinStickBP.upack)
[2022.05.02-12.07.12:309][  0]LogPakFile: OnPakFileMounted2Time == 0.000023
[2022.05.02-12.07.12:309][  0]LogPakFile: PakFile PrimaryIndexSize=183
[2022.05.02-12.07.12:309][  0]LogPakFile: PakFile PathHashIndexSize=101
[2022.05.02-12.07.12:309][  0]LogPakFile: PakFile FullDirectoryIndexSize=140
[2022.05.02-12.07.12:309][  0]LogShaderLibrary: Display: ShaderCodeLibraryPakFileMountedCallback: PakFile 'C:/Program Files/Epic Games/UE_4.27/FeaturePacks/TP_Vehicle.upack' (chunk index -1, root 'root:/') mounted
[2022.05.02-12.07.12:310][  0]LogShaderLibrary: Display: ShaderCodeLibraryPakFileMountedCallback: pending pak file info (ChunkID:-1 Root:root:/ File:C:/Program Files/Epic Games/UE_4.27/FeaturePacks/TP_Vehicle.upack)
[2022.05.02-12.07.12:310][  0]LogPakFile: OnPakFileMounted2Time == 0.000030
[2022.05.02-12.07.12:310][  0]LogPakFile: PakFile PrimaryIndexSize=186
[2022.05.02-12.07.12:310][  0]LogPakFile: PakFile PathHashIndexSize=101
[2022.05.02-12.07.12:310][  0]LogPakFile: PakFile FullDirectoryIndexSize=146
[2022.05.02-12.07.12:310][  0]LogShaderLibrary: Display: ShaderCodeLibraryPakFileMountedCallback: PakFile 'C:/Program Files/Epic Games/UE_4.27/FeaturePacks/TP_VehicleAdv.upack' (chunk index -1, root 'root:/') mounted
[2022.05.02-12.07.12:310][  0]LogShaderLibrary: Display: ShaderCodeLibraryPakFileMountedCallback: pending pak file info (ChunkID:-1 Root:root:/ File:C:/Program Files/Epic Games/UE_4.27/FeaturePacks/TP_VehicleAdv.upack)
[2022.05.02-12.07.12:310][  0]LogPakFile: OnPakFileMounted2Time == 0.000023
[2022.05.02-12.07.12:311][  0]LogPakFile: PakFile PrimaryIndexSize=188
[2022.05.02-12.07.12:311][  0]LogPakFile: PakFile PathHashIndexSize=101
[2022.05.02-12.07.12:311][  0]LogPakFile: PakFile FullDirectoryIndexSize=150
[2022.05.02-12.07.12:311][  0]LogShaderLibrary: Display: ShaderCodeLibraryPakFileMountedCallback: PakFile 'C:/Program Files/Epic Games/UE_4.27/FeaturePacks/TP_VehicleAdvBP.upack' (chunk index -1, root 'root:/') mounted
[2022.05.02-12.07.12:311][  0]LogShaderLibrary: Display: ShaderCodeLibraryPakFileMountedCallback: pending pak file info (ChunkID:-1 Root:root:/ File:C:/Program Files/Epic Games/UE_4.27/FeaturePacks/TP_VehicleAdvBP.upack)
[2022.05.02-12.07.12:311][  0]LogPakFile: OnPakFileMounted2Time == 0.000022
[2022.05.02-12.07.12:311][  0]LogPakFile: PakFile PrimaryIndexSize=185
[2022.05.02-12.07.12:311][  0]LogPakFile: PakFile PathHashIndexSize=101
[2022.05.02-12.07.12:311][  0]LogPakFile: PakFile FullDirectoryIndexSize=144
[2022.05.02-12.07.12:311][  0]LogShaderLibrary: Display: ShaderCodeLibraryPakFileMountedCallback: PakFile 'C:/Program Files/Epic Games/UE_4.27/FeaturePacks/TP_VehicleBP.upack' (chunk index -1, root 'root:/') mounted
[2022.05.02-12.07.12:311][  0]LogShaderLibrary: Display: ShaderCodeLibraryPakFileMountedCallback: pending pak file info (ChunkID:-1 Root:root:/ File:C:/Program Files/Epic Games/UE_4.27/FeaturePacks/TP_VehicleBP.upack)
[2022.05.02-12.07.12:311][  0]LogPakFile: OnPakFileMounted2Time == 0.000027
[2022.05.02-12.07.12:312][  0]LogPakFile: PakFile PrimaryIndexSize=192
[2022.05.02-12.07.12:312][  0]LogPakFile: PakFile PathHashIndexSize=101
[2022.05.02-12.07.12:312][  0]LogPakFile: PakFile FullDirectoryIndexSize=158
[2022.05.02-12.07.12:312][  0]LogShaderLibrary: Display: ShaderCodeLibraryPakFileMountedCallback: PakFile 'C:/Program Files/Epic Games/UE_4.27/FeaturePacks/TP_VirtualRealityBP.upack' (chunk index -1, root 'root:/') mounted
[2022.05.02-12.07.12:312][  0]LogShaderLibrary: Display: ShaderCodeLibraryPakFileMountedCallback: pending pak file info (ChunkID:-1 Root:root:/ File:C:/Program Files/Epic Games/UE_4.27/FeaturePacks/TP_VirtualRealityBP.upack)
[2022.05.02-12.07.12:312][  0]LogPakFile: OnPakFileMounted2Time == 0.000024
[2022.05.02-12.07.12:357][  0]LogNativeClassHierarchy: Verbose: Native class hierarchy updated for 'AddContentDialog' in 0.0002 seconds. Added 0 classes and 0 folders.
[2022.05.02-12.07.12:358][  0]LogNativeClassHierarchy: Verbose: Native class hierarchy updated for 'SceneOutliner' in 0.0002 seconds. Added 2 classes and 0 folders.
[2022.05.02-12.07.12:379][  0]LogNativeClassHierarchy: Verbose: Native class hierarchy updated for 'HierarchicalLODOutliner' in 0.0002 seconds. Added 0 classes and 0 folders.
[2022.05.02-12.07.12:379][  0]LogLoad: (Engine Initialization) Total time: 9.02 seconds
[2022.05.02-12.07.12:379][  0]LogLoad: (Engine Initialization) Total Blueprint compile time: 0.00 seconds
[2022.05.02-12.07.12:430][  0]LogAssetRegistry: Asset discovery search completed in 6.3038 seconds
[2022.05.02-12.07.12:436][  0]LogCollectionManager: Fixed up redirectors for 0 collections in 0.000003 seconds (updated 0 objects)
[2022.05.02-12.07.12:438][  0]LogContentStreaming: Texture pool size now 1000 MB
[2022.05.02-12.07.12:460][  0]LogSlate: Took 0.000518 seconds to synchronously load lazily loaded font '../../../Engine/Content/Slate/Fonts/Roboto-Regular.ttf' (155K)
[2022.05.02-12.07.12:461][  0]LogSlate: Took 0.000370 seconds to synchronously load lazily loaded font '../../../Engine/Content/Editor/Slate/Fonts/FontAwesome.ttf' (139K)
[2022.05.02-12.07.12:462][  0]LogSlate: Took 0.000399 seconds to synchronously load lazily loaded font '../../../Engine/Content/Slate/Fonts/Roboto-Bold.ttf' (160K)
[2022.05.02-12.07.12:539][  0]LogSlate: Took 0.000517 seconds to synchronously load lazily loaded font '../../../Engine/Content/Slate/Fonts/Roboto-Light.ttf' (167K)
[2022.05.02-12.07.12:577][  2]LogRenderer: Reallocating scene render targets to support 804x360 Format 10 NumSamples 1 (Frame:1).
[2022.05.02-12.07.22:585][140]LogRenderer: Reallocating scene render targets to support 1208x568 Format 10 NumSamples 1 (Frame:1121).
[2022.05.02-12.07.31:351][155]LogSlate: Took 0.000184 seconds to synchronously load lazily loaded font '../../../Engine/Content/Slate/Fonts/Roboto-Light.ttf' (167K)
[2022.05.02-12.07.31:358][155]LogAssetEditorSubsystem: Opening Asset editor for Blueprint /Game/DialogueSystem/NPC_Interact.NPC_Interact
[2022.05.02-12.07.31:497][155]LogNativeClassHierarchy: Verbose: Native class hierarchy updated for 'BlueprintGraph' in 0.0005 seconds. Added 126 classes and 0 folders.
[2022.05.02-12.07.32:115][155]LogAssetEditorSubsystem: Opening Asset editor for WidgetBlueprint /Game/DialogueSystem/WG_BlackScreenPop.WG_BlackScreenPop
[2022.05.02-12.07.32:610][155]LogSlate: Took 0.001426 seconds to synchronously load lazily loaded font '../../../Engine/Content/Slate/Fonts/Roboto-BoldCondensed.ttf' (158K)
[2022.05.02-12.07.57:074][658]LogBlueprint: Warning: [AssetLog] /Game/BP_VictorianCharacter.BP_VictorianCharacter (no disk path found): [Compiler] Input pin  Method  specifying non-default value no longer exists on node  Make PostProcessSettings . Please refresh node or reset pin to default value to remove pin.
[2022.05.02-12.07.57:128][658]LogUObjectHash: Compacting FUObjectHashTables data took   3.46ms
[2022.05.02-12.07.57:139][658]LogBlueprint: Warning: [AssetLog] /Game/BP_VictorianCharacter.BP_VictorianCharacter (no disk path found): [Compiler] Input pin  Method  specifying non-default value no longer exists on node  Make PostProcessSettings . Please refresh node or reset pin to default value to remove pin.
